"D:/GitHub/MNEMONIC/MNEMONIC_Project/Content/FirstPerson/Textures/FirstPersonCrosshair.uasset" 0
"D:/GitHub/MNEMONIC/MNEMONIC_Project/Content/FirstPerson/Textures/FirstPersonCrosshair.uexp" 1
"D:/GitHub/MNEMONIC/MNEMONIC_Project/Content/UI/Sprites/ItemUI_Template.uasset" 2
"D:/GitHub/MNEMONIC/MNEMONIC_Project/Content/UI/Sprites/ItemUI_Template.uexp" 3
"D:/GitHub/MNEMONIC/MNEMONIC_Project/Content/UI/Sprites/UI_healthbar_full.uasset" 4
"D:/GitHub/MNEMONIC/MNEMONIC_Project/Content/UI/Sprites/UI_healthbar_full.uexp" 5
"D:/GitHub/MNEMONIC/MNEMONIC_Project/Content/UI/Sprites/UI_HUD2corruption_bar_placeinfront.uasset" 6
"D:/GitHub/MNEMONIC/MNEMONIC_Project/Content/UI/Sprites/UI_HUD2corruption_bar_placeinfront.uexp" 7
"D:/GitHub/MNEMONIC/MNEMONIC_Project/Content/UI/Sprites/UI_HUD_1corruption_bar_placeinback.uasset" 8
"D:/GitHub/MNEMONIC/MNEMONIC_Project/Content/UI/Sprites/UI_HUD_1corruption_bar_placeinback.uexp" 9
"D:/GitHub/MNEMONIC/MNEMONIC_Project/Content/UI/Sprites/UI_HUD_1corruption_bar_placeinback_TileSet.uasset" 10
"D:/GitHub/MNEMONIC/MNEMONIC_Project/Content/UI/Sprites/UI_HUD_1corruption_bar_placeinback_TileSet.uexp" 11
"D:/GitHub/MNEMONIC/MNEMONIC_Project/Content/UI/Sprites/UI_HUD_crosshair.uasset" 12
"D:/GitHub/MNEMONIC/MNEMONIC_Project/Content/UI/Sprites/UI_HUD_crosshair.uexp" 13
"D:/GitHub/MNEMONIC/MNEMONIC_Project/Content/UI/Sprites/UI_HUD_healthbar_empty.uasset" 14
"D:/GitHub/MNEMONIC/MNEMONIC_Project/Content/UI/Sprites/UI_HUD_healthbar_empty.uexp" 15
"D:/GitHub/MNEMONIC/MNEMONIC_Project/Content/UI/Sprites/Corruption/GateUI_Meter_Background.uasset" 16
"D:/GitHub/MNEMONIC/MNEMONIC_Project/Content/UI/Sprites/Corruption/GateUI_Meter_Background.uexp" 17
"D:/GitHub/MNEMONIC/MNEMONIC_Project/Content/UI/Sprites/Corruption/GateUI_Meter_Foreground.uasset" 18
"D:/GitHub/MNEMONIC/MNEMONIC_Project/Content/UI/Sprites/Corruption/GateUI_Meter_Foreground.uexp" 19
"D:/GitHub/MNEMONIC/MNEMONIC_Project/Content/UI/Sprites/Corruption/GateUI_StrikeIndicator_Inactive.uasset" 20
"D:/GitHub/MNEMONIC/MNEMONIC_Project/Content/UI/Sprites/Corruption/GateUI_StrikeIndicator_Inactive.uexp" 21
"D:/GitHub/MNEMONIC/MNEMONIC_Project/Content/UI/Sprites/Gate/GateUI_LeftCardLine_Active.uasset" 22
"D:/GitHub/MNEMONIC/MNEMONIC_Project/Content/UI/Sprites/Gate/GateUI_LeftCardLine_Active.uexp" 23
"D:/GitHub/MNEMONIC/MNEMONIC_Project/Content/UI/Sprites/Gate/GateUI_LeftCardLine_Inactive.uasset" 24
"D:/GitHub/MNEMONIC/MNEMONIC_Project/Content/UI/Sprites/Gate/GateUI_LeftCardLine_Inactive.uexp" 25
"D:/GitHub/MNEMONIC/MNEMONIC_Project/Content/UI/Sprites/Gate/GateUI_LeftCardLine_Purchased.uasset" 26
"D:/GitHub/MNEMONIC/MNEMONIC_Project/Content/UI/Sprites/Gate/GateUI_LeftCardLine_Purchased.uexp" 27
"D:/GitHub/MNEMONIC/MNEMONIC_Project/Content/UI/Sprites/Gate/GateUI_MiddleCardLine_Active.uasset" 28
"D:/GitHub/MNEMONIC/MNEMONIC_Project/Content/UI/Sprites/Gate/GateUI_MiddleCardLine_Active.uexp" 29
"D:/GitHub/MNEMONIC/MNEMONIC_Project/Content/UI/Sprites/Gate/GateUI_MiddleCardLine_Inactive.uasset" 30
"D:/GitHub/MNEMONIC/MNEMONIC_Project/Content/UI/Sprites/Gate/GateUI_MiddleCardLine_Inactive.uexp" 31
"D:/GitHub/MNEMONIC/MNEMONIC_Project/Content/UI/Sprites/Gate/GateUI_MiddleCardLine_Purchased.uasset" 32
"D:/GitHub/MNEMONIC/MNEMONIC_Project/Content/UI/Sprites/Gate/GateUI_MiddleCardLine_Purchased.uexp" 33
"D:/GitHub/MNEMONIC/MNEMONIC_Project/Content/UI/Sprites/Gate/GateUI_RightCardLine_Active.uasset" 34
"D:/GitHub/MNEMONIC/MNEMONIC_Project/Content/UI/Sprites/Gate/GateUI_RightCardLine_Active.uexp" 35
"D:/GitHub/MNEMONIC/MNEMONIC_Project/Content/UI/Sprites/Gate/GateUI_RightCardLine_Inactive.uasset" 36
"D:/GitHub/MNEMONIC/MNEMONIC_Project/Content/UI/Sprites/Gate/GateUI_RightCardLine_Inactive.uexp" 37
"D:/GitHub/MNEMONIC/MNEMONIC_Project/Content/UI/Sprites/Gate/GateUI_RightCardLine_Purchased.uasset" 38
"D:/GitHub/MNEMONIC/MNEMONIC_Project/Content/UI/Sprites/Gate/GateUI_RightCardLine_Purchased.uexp" 39
"D:/GitHub/MNEMONIC/MNEMONIC_Project/Content/UI/Sprites/Gate/Cards/GateUI_Active_BuyPressed.uasset" 40
"D:/GitHub/MNEMONIC/MNEMONIC_Project/Content/UI/Sprites/Gate/Cards/GateUI_Active_BuyPressed.uexp" 41
"D:/GitHub/MNEMONIC/MNEMONIC_Project/Content/UI/Sprites/Gate/Cards/GateUI_Active_BuyPressed_TakeSelected.uasset" 42
"D:/GitHub/MNEMONIC/MNEMONIC_Project/Content/UI/Sprites/Gate/Cards/GateUI_Active_BuyPressed_TakeSelected.uexp" 43
"D:/GitHub/MNEMONIC/MNEMONIC_Project/Content/UI/Sprites/Gate/Cards/GateUI_Active_BuySelected.uasset" 44
"D:/GitHub/MNEMONIC/MNEMONIC_Project/Content/UI/Sprites/Gate/Cards/GateUI_Active_BuySelected.uexp" 45
"D:/GitHub/MNEMONIC/MNEMONIC_Project/Content/UI/Sprites/Gate/Cards/GateUI_Active_CardSelected.uasset" 46
"D:/GitHub/MNEMONIC/MNEMONIC_Project/Content/UI/Sprites/Gate/Cards/GateUI_Active_CardSelected.uexp" 47
"D:/GitHub/MNEMONIC/MNEMONIC_Project/Content/UI/Sprites/Gate/Cards/GateUI_Active_TakePressed.uasset" 48
"D:/GitHub/MNEMONIC/MNEMONIC_Project/Content/UI/Sprites/Gate/Cards/GateUI_Active_TakePressed.uexp" 49
"D:/GitHub/MNEMONIC/MNEMONIC_Project/Content/UI/Sprites/Gate/Cards/GateUI_Active_TakePressed_BuySelected.uasset" 50
"D:/GitHub/MNEMONIC/MNEMONIC_Project/Content/UI/Sprites/Gate/Cards/GateUI_Active_TakePressed_BuySelected.uexp" 51
"D:/GitHub/MNEMONIC/MNEMONIC_Project/Content/UI/Sprites/Gate/Cards/GateUI_Active_TakeSelected.uasset" 52
"D:/GitHub/MNEMONIC/MNEMONIC_Project/Content/UI/Sprites/Gate/Cards/GateUI_Active_TakeSelected.uexp" 53
"D:/GitHub/MNEMONIC/MNEMONIC_Project/Content/UI/Sprites/Gate/Cards/GateUI_Active_Unselected.uasset" 54
"D:/GitHub/MNEMONIC/MNEMONIC_Project/Content/UI/Sprites/Gate/Cards/GateUI_Active_Unselected.uexp" 55
"D:/GitHub/MNEMONIC/MNEMONIC_Project/Content/UI/Sprites/Gate/Cards/GateUI_Inactive.uasset" 56
"D:/GitHub/MNEMONIC/MNEMONIC_Project/Content/UI/Sprites/Gate/Cards/GateUI_Inactive.uexp" 57
"D:/GitHub/MNEMONIC/MNEMONIC_Project/Content/UI/Sprites/Gate/NewDiveUI/GateUI_Dive_active.uasset" 58
"D:/GitHub/MNEMONIC/MNEMONIC_Project/Content/UI/Sprites/Gate/NewDiveUI/GateUI_Dive_active.uexp" 59
"D:/GitHub/MNEMONIC/MNEMONIC_Project/Content/UI/Sprites/Gate/NewDiveUI/GateUI_Dive_Inactive.uasset" 60
"D:/GitHub/MNEMONIC/MNEMONIC_Project/Content/UI/Sprites/Gate/NewDiveUI/GateUI_Dive_Inactive.uexp" 61
"D:/GitHub/MNEMONIC/MNEMONIC_Project/Content/UI/Sprites/Gate/NewDiveUI/GateUI_Dive_Pressed.uasset" 62
"D:/GitHub/MNEMONIC/MNEMONIC_Project/Content/UI/Sprites/Gate/NewDiveUI/GateUI_Dive_Pressed.uexp" 63
"D:/GitHub/MNEMONIC/MNEMONIC_Project/Content/UI/Sprites/Gate/NewDiveUI/GateUI_LeftCardLine_Inactive.uasset" 64
"D:/GitHub/MNEMONIC/MNEMONIC_Project/Content/UI/Sprites/Gate/NewDiveUI/GateUI_LeftCardLine_Inactive.uexp" 65
"D:/GitHub/MNEMONIC/MNEMONIC_Project/Content/UI/Sprites/Gate/NewDiveUI/GateUI_LeftCardLine_Purchased.uasset" 66
"D:/GitHub/MNEMONIC/MNEMONIC_Project/Content/UI/Sprites/Gate/NewDiveUI/GateUI_LeftCardLine_Purchased.uexp" 67
"D:/GitHub/MNEMONIC/MNEMONIC_Project/Content/UI/Sprites/Gate/NewDiveUI/GateUI_LeftCardLine_Take.uasset" 68
"D:/GitHub/MNEMONIC/MNEMONIC_Project/Content/UI/Sprites/Gate/NewDiveUI/GateUI_LeftCardLine_Take.uexp" 69
"D:/GitHub/MNEMONIC/MNEMONIC_Project/Content/UI/Sprites/Gate/NewDiveUI/GateUI_MiddleCardLine_Inactive.uasset" 70
"D:/GitHub/MNEMONIC/MNEMONIC_Project/Content/UI/Sprites/Gate/NewDiveUI/GateUI_MiddleCardLine_Inactive.uexp" 71
"D:/GitHub/MNEMONIC/MNEMONIC_Project/Content/UI/Sprites/Gate/NewDiveUI/GateUI_MiddleCardLine_Purchased.uasset" 72
"D:/GitHub/MNEMONIC/MNEMONIC_Project/Content/UI/Sprites/Gate/NewDiveUI/GateUI_MiddleCardLine_Purchased.uexp" 73
"D:/GitHub/MNEMONIC/MNEMONIC_Project/Content/UI/Sprites/Gate/NewDiveUI/GateUI_MiddleCardLine_Take.uasset" 74
"D:/GitHub/MNEMONIC/MNEMONIC_Project/Content/UI/Sprites/Gate/NewDiveUI/GateUI_MiddleCardLine_Take.uexp" 75
"D:/GitHub/MNEMONIC/MNEMONIC_Project/Content/UI/Sprites/Gate/NewDiveUI/GateUI_RightCardLine_Inactive.uasset" 76
"D:/GitHub/MNEMONIC/MNEMONIC_Project/Content/UI/Sprites/Gate/NewDiveUI/GateUI_RightCardLine_Inactive.uexp" 77
"D:/GitHub/MNEMONIC/MNEMONIC_Project/Content/UI/Sprites/Gate/NewDiveUI/GateUI_RightCardLine_Purchased.uasset" 78
"D:/GitHub/MNEMONIC/MNEMONIC_Project/Content/UI/Sprites/Gate/NewDiveUI/GateUI_RightCardLine_Purchased.uexp" 79
"D:/GitHub/MNEMONIC/MNEMONIC_Project/Content/UI/Sprites/Gate/NewDiveUI/GateUI_RightCardLine_Take.uasset" 80
"D:/GitHub/MNEMONIC/MNEMONIC_Project/Content/UI/Sprites/Gate/NewDiveUI/GateUI_RightCardLine_Take.uexp" 81
"D:/GitHub/MNEMONIC/MNEMONIC_Project/Content/UI/Sprites/Icons/Mnemonic_icons_AttackUp_Green.uasset" 82
"D:/GitHub/MNEMONIC/MNEMONIC_Project/Content/UI/Sprites/Icons/Mnemonic_icons_AttackUp_Green.uexp" 83
"D:/GitHub/MNEMONIC/MNEMONIC_Project/Content/UI/RajdhaniFont/Rajdhani-Light.uasset" 84
"D:/GitHub/MNEMONIC/MNEMONIC_Project/Content/UI/RajdhaniFont/Rajdhani-Light.uexp" 85
"D:/GitHub/MNEMONIC/MNEMONIC_Project/Content/UI/RajdhaniFont/Rajdhani-Light.ufont" 86
"D:/GitHub/MNEMONIC/MNEMONIC_Project/Content/UI/RajdhaniFont/Rajdhani-Light_Font.uasset" 87
"D:/GitHub/MNEMONIC/MNEMONIC_Project/Content/UI/RajdhaniFont/Rajdhani-Light_Font.uexp" 88
"D:/GitHub/MNEMONIC/MNEMONIC_Project/Content/UI/RajdhaniFont/Rajdhani-Regular.uasset" 89
"D:/GitHub/MNEMONIC/MNEMONIC_Project/Content/UI/RajdhaniFont/Rajdhani-Regular.uexp" 90
"D:/GitHub/MNEMONIC/MNEMONIC_Project/Content/UI/RajdhaniFont/Rajdhani-Regular.ufont" 91
"D:/GitHub/MNEMONIC/MNEMONIC_Project/Content/UI/RajdhaniFont/Rajdhani-Regular_Font.uasset" 92
"D:/GitHub/MNEMONIC/MNEMONIC_Project/Content/UI/RajdhaniFont/Rajdhani-Regular_Font.uexp" 93
"D:/GitHub/MNEMONIC/MNEMONIC_Project/Content/UI/Sprites/Icons/Mnemonic_icons_SpeedUp_Green.uasset" 94
"D:/GitHub/MNEMONIC/MNEMONIC_Project/Content/UI/Sprites/Icons/Mnemonic_icons_SpeedUp_Green.uexp" 95
"../../../Engine/Content/EngineMaterials/T_Default_Material_Grid_N.uasset" 96
"../../../Engine/Content/EngineMaterials/T_Default_Material_Grid_N.uexp" 97
"../../../Engine/Content/EngineMaterials/T_Default_Material_Grid_N.ubulk" 98
"../../../Engine/Content/EngineMaterials/T_Default_Material_Grid_M.uasset" 99
"../../../Engine/Content/EngineMaterials/T_Default_Material_Grid_M.uexp" 100
"../../../Engine/Content/EngineMaterials/T_Default_Material_Grid_M.ubulk" 101
"../../../Engine/Content/Functions/Engine_MaterialFunctions01/Opacity/CameraDepthFade.uasset" 102
"../../../Engine/Content/Functions/Engine_MaterialFunctions01/Opacity/CameraDepthFade.uexp" 103
"../../../Engine/Content/EngineMaterials/WorldGridMaterial.uasset" 104
"../../../Engine/Content/EngineMaterials/WorldGridMaterial.uexp" 105
"../../../Engine/Content/ArtTools/RenderToTexture/Meshes/S_1_Unit_Plane.uasset" 106
"../../../Engine/Content/ArtTools/RenderToTexture/Meshes/S_1_Unit_Plane.uexp" 107
"../../../Engine/Content/EngineMaterials/DefaultMaterial.uasset" 108
"../../../Engine/Content/EngineMaterials/DefaultMaterial.uexp" 109
"../../../Engine/Content/BasicShapes/Cone.uasset" 110
"../../../Engine/Content/BasicShapes/Cone.uexp" 111
"../../../Engine/Content/BasicShapes/Cube.uasset" 112
"../../../Engine/Content/BasicShapes/Cube.uexp" 113
"../../../Engine/Content/BasicShapes/Plane.uasset" 114
"../../../Engine/Content/BasicShapes/Plane.uexp" 115
"../../../Engine/Content/BasicShapes/Sphere.uasset" 116
"../../../Engine/Content/BasicShapes/Sphere.uexp" 117
"../../../Engine/Content/EditorLandscapeResources/DataLayer.uasset" 118
"../../../Engine/Content/EditorLandscapeResources/DataLayer.uexp" 119
"../../../Engine/Content/EditorLandscapeResources/DefaultAlphaTexture.uasset" 120
"../../../Engine/Content/EditorLandscapeResources/DefaultAlphaTexture.uexp" 121
"../../../Engine/Content/EditorMaterials/MAT_Groups_Toggle.uasset" 122
"../../../Engine/Content/EditorMaterials/MAT_Groups_Toggle.uexp" 123
"../../../Engine/Content/EditorMaterials/MAT_Groups_Visibility.uasset" 124
"../../../Engine/Content/EditorMaterials/MAT_Groups_Visibility.uexp" 125
"../../../Engine/Content/EditorMaterials/PreviewShadowIndicator.uasset" 126
"../../../Engine/Content/EditorMaterials/PreviewShadowIndicator.uexp" 127
"../../../Engine/Content/EditorMaterials/PreviewShadowIndicator.ubulk" 128
"../../../Engine/Content/EditorMaterials/PreviewShadowIndicatorMaterial.uasset" 129
"../../../Engine/Content/EditorMaterials/PreviewShadowIndicatorMaterial.uexp" 130
"../../../Engine/Content/EditorMaterials/MatineeGroups/MAT_ColorTrack.uasset" 131
"../../../Engine/Content/EditorMaterials/MatineeGroups/MAT_ColorTrack.uexp" 132
"../../../Engine/Content/EditorMaterials/MatineeGroups/MAT_Groups_Anim.uasset" 133
"../../../Engine/Content/EditorMaterials/MatineeGroups/MAT_Groups_Anim.uexp" 134
"../../../Engine/Content/EditorMaterials/MatineeGroups/MAT_Groups_AudioMaster.uasset" 135
"../../../Engine/Content/EditorMaterials/MatineeGroups/MAT_Groups_AudioMaster.uexp" 136
"../../../Engine/Content/EditorMaterials/MatineeGroups/MAT_Groups_Director.uasset" 137
"../../../Engine/Content/EditorMaterials/MatineeGroups/MAT_Groups_Director.uexp" 138
"../../../Engine/Content/EditorMaterials/MatineeGroups/MAT_Groups_Event.uasset" 139
"../../../Engine/Content/EditorMaterials/MatineeGroups/MAT_Groups_Event.uexp" 140
"../../../Engine/Content/EditorMaterials/MatineeGroups/MAT_Groups_Fade.uasset" 141
"../../../Engine/Content/EditorMaterials/MatineeGroups/MAT_Groups_Fade.uexp" 142
"../../../Engine/Content/EditorMaterials/MatineeGroups/MAT_Groups_Float.uasset" 143
"../../../Engine/Content/EditorMaterials/MatineeGroups/MAT_Groups_Float.uexp" 144
"../../../Engine/Content/EditorMaterials/MatineeGroups/MAT_Groups_Move.uasset" 145
"../../../Engine/Content/EditorMaterials/MatineeGroups/MAT_Groups_Move.uexp" 146
"../../../Engine/Content/EditorMaterials/MatineeGroups/MAT_Groups_Slomo.uasset" 147
"../../../Engine/Content/EditorMaterials/MatineeGroups/MAT_Groups_Slomo.uexp" 148
"../../../Engine/Content/EditorMaterials/MatineeGroups/MAT_Groups_Sound.uasset" 149
"../../../Engine/Content/EditorMaterials/MatineeGroups/MAT_Groups_Sound.uexp" 150
"../../../Engine/Content/EditorMaterials/MatineeGroups/MAT_Groups_Vector.uasset" 151
"../../../Engine/Content/EditorMaterials/MatineeGroups/MAT_Groups_Vector.uexp" 152
"../../../Engine/Content/EditorMaterials/ParticleSystems/PSysThumbnail_NoImage.uasset" 153
"../../../Engine/Content/EditorMaterials/ParticleSystems/PSysThumbnail_NoImage.uexp" 154
"../../../Engine/Content/EditorMaterials/ParticleSystems/PSysThumbnail_NoImage.ubulk" 155
"../../../Engine/Content/EditorMaterials/ParticleSystems/PSysThumbnail_OOD.uasset" 156
"../../../Engine/Content/EditorMaterials/ParticleSystems/PSysThumbnail_OOD.uexp" 157
"../../../Engine/Content/EditorMaterials/ParticleSystems/PSysThumbnail_OOD.ubulk" 158
"../../../Engine/Content/EditorMaterials/Camera/CineMat.uasset" 159
"../../../Engine/Content/EditorMaterials/Camera/CineMat.uexp" 160
"../../../Engine/Content/EditorMaterials/Camera/MI_CineMat_Rig.uasset" 161
"../../../Engine/Content/EditorMaterials/Camera/MI_CineMat_Rig.uexp" 162
"../../../Engine/Content/EditorMeshes/Camera/SM_CraneRig_Arm.uasset" 163
"../../../Engine/Content/EditorMeshes/Camera/SM_CraneRig_Arm.uexp" 164
"../../../Engine/Content/EditorMeshes/Camera/SM_CraneRig_Base.uasset" 165
"../../../Engine/Content/EditorMeshes/Camera/SM_CraneRig_Base.uexp" 166
"../../../Engine/Content/EditorMeshes/Camera/SM_CraneRig_Body.uasset" 167
"../../../Engine/Content/EditorMeshes/Camera/SM_CraneRig_Body.uexp" 168
"../../../Engine/Content/EditorMeshes/Camera/SM_CraneRig_Mount.uasset" 169
"../../../Engine/Content/EditorMeshes/Camera/SM_CraneRig_Mount.uexp" 170
"../../../Engine/Content/EditorMeshes/Camera/SM_RailRig_Mount.uasset" 171
"../../../Engine/Content/EditorMeshes/Camera/SM_RailRig_Mount.uexp" 172
"../../../Engine/Content/EditorMeshes/Camera/SM_RailRig_Track.uasset" 173
"../../../Engine/Content/EditorMeshes/Camera/SM_RailRig_Track.uexp" 174
"../../../Engine/Content/EditorResources/BSPVertex.uasset" 175
"../../../Engine/Content/EditorResources/BSPVertex.uexp" 176
"../../../Engine/Content/EditorResources/EmptyActor.uasset" 177
"../../../Engine/Content/EditorResources/EmptyActor.uexp" 178
"../../../Engine/Content/EditorResources/S_Actor.uasset" 179
"../../../Engine/Content/EditorResources/S_Actor.uexp" 180
"../../../Engine/Content/EditorResources/S_Actor.ubulk" 181
"../../../Engine/Content/EditorResources/S_Note.uasset" 182
"../../../Engine/Content/EditorResources/S_Note.uexp" 183
"../../../Engine/Content/EditorResources/S_Note.ubulk" 184
"../../../Engine/Content/EditorResources/S_Solver.uasset" 185
"../../../Engine/Content/EditorResources/S_Solver.uexp" 186
"../../../Engine/Content/EditorResources/S_Solver.ubulk" 187
"../../../Engine/Content/EditorResources/S_Terrain.uasset" 188
"../../../Engine/Content/EditorResources/S_Terrain.uexp" 189
"../../../Engine/Content/EditorResources/S_Terrain.ubulk" 190
"../../../Engine/Content/EditorResources/S_Trigger.uasset" 191
"../../../Engine/Content/EditorResources/S_Trigger.uexp" 192
"../../../Engine/Content/EditorResources/S_Trigger.ubulk" 193
"../../../Engine/Content/EditorResources/AudioIcons/S_AudioComponent_AutoActivate.uasset" 194
"../../../Engine/Content/EditorResources/AudioIcons/S_AudioComponent_AutoActivate.uexp" 195
"../../../Engine/Content/EditorResources/AudioIcons/S_AudioComponent_AutoActivate.ubulk" 196
"../../../Engine/Content/EditorResources/LightIcons/S_LightError.uasset" 197
"../../../Engine/Content/EditorResources/LightIcons/S_LightError.uexp" 198
"../../../Engine/Content/EditorResources/SequenceRecorder/Countdown.uasset" 199
"../../../Engine/Content/EditorResources/SequenceRecorder/Countdown.uexp" 200
"../../../Engine/Content/EditorResources/SequenceRecorder/RecordingIndicator.uasset" 201
"../../../Engine/Content/EditorResources/SequenceRecorder/RecordingIndicator.uexp" 202
"../../../Engine/Content/EngineDamageTypes/DmgTypeBP_Environmental.uasset" 203
"../../../Engine/Content/EngineDamageTypes/DmgTypeBP_Environmental.uexp" 204
"../../../Engine/Content/EngineDebugMaterials/DebugEditorMaterial.uasset" 205
"../../../Engine/Content/EngineDebugMaterials/DebugEditorMaterial.uexp" 206
"../../../Engine/Content/EngineDebugMaterials/DebugMeshMaterial.uasset" 207
"../../../Engine/Content/EngineDebugMaterials/DebugMeshMaterial.uexp" 208
"../../../Engine/Content/EngineDebugMaterials/M_SimpleUnlitTranslucent.uasset" 209
"../../../Engine/Content/EngineDebugMaterials/M_SimpleUnlitTranslucent.uexp" 210
"../../../Engine/Content/Functions/Engine_MaterialFunctions02/Utility/CameraDirectionVector.uasset" 211
"../../../Engine/Content/Functions/Engine_MaterialFunctions02/Utility/CameraDirectionVector.uexp" 212
"../../../Engine/Content/EngineDebugMaterials/VolumeToRender.uasset" 213
"../../../Engine/Content/EngineDebugMaterials/VolumeToRender.uexp" 214
"../../../Engine/Content/EngineDebugMaterials/M_VolumeRenderSphereTracePP.uasset" 215
"../../../Engine/Content/EngineDebugMaterials/M_VolumeRenderSphereTracePP.uexp" 216
"../../../Engine/Content/Functions/Engine_MaterialFunctions01/Shading/ConvertFromDiffSpec.uasset" 217
"../../../Engine/Content/Functions/Engine_MaterialFunctions01/Shading/ConvertFromDiffSpec.uexp" 218
"../../../Engine/Content/EngineDebugMaterials/VertexColorMaterial.uasset" 219
"../../../Engine/Content/EngineDebugMaterials/VertexColorMaterial.uexp" 220
"../../../Engine/Content/EngineDebugMaterials/WireframeMaterial.uasset" 221
"../../../Engine/Content/EngineDebugMaterials/WireframeMaterial.uexp" 222
"../../../Engine/Content/EngineFonts/Faces/RobotoBoldItalic.uasset" 223
"../../../Engine/Content/EngineFonts/Faces/RobotoBoldItalic.uexp" 224
"../../../Engine/Content/EngineFonts/Faces/RobotoBoldItalic.ufont" 225
"../../../Engine/Content/EngineFonts/Faces/RobotoBold.uasset" 226
"../../../Engine/Content/EngineFonts/Faces/RobotoBold.uexp" 227
"../../../Engine/Content/EngineFonts/Faces/RobotoBold.ufont" 228
"../../../Engine/Content/EngineFonts/Faces/DroidSansFallback.uasset" 229
"../../../Engine/Content/EngineFonts/Faces/DroidSansFallback.uexp" 230
"../../../Engine/Content/EngineFonts/Faces/DroidSansFallback.ufont" 231
"../../../Engine/Content/EngineFonts/Faces/RobotoRegular.uasset" 232
"../../../Engine/Content/EngineFonts/Faces/RobotoRegular.uexp" 233
"../../../Engine/Content/EngineFonts/Faces/RobotoRegular.ufont" 234
"../../../Engine/Content/EngineFonts/Faces/RobotoLight.uasset" 235
"../../../Engine/Content/EngineFonts/Faces/RobotoLight.uexp" 236
"../../../Engine/Content/EngineFonts/Faces/RobotoLight.ufont" 237
"../../../Engine/Content/EngineFonts/Faces/RobotoItalic.uasset" 238
"../../../Engine/Content/EngineFonts/Faces/RobotoItalic.uexp" 239
"../../../Engine/Content/EngineFonts/Faces/RobotoItalic.ufont" 240
"../../../Engine/Content/EngineFonts/Roboto.uasset" 241
"../../../Engine/Content/EngineFonts/Roboto.uexp" 242
"../../../Engine/Content/EngineMaterials/BaseFlattenNormalMap.uasset" 243
"../../../Engine/Content/EngineMaterials/BaseFlattenNormalMap.uexp" 244
"../../../Engine/Content/EngineMaterials/BaseFlattenGrayscaleMap.uasset" 245
"../../../Engine/Content/EngineMaterials/BaseFlattenGrayscaleMap.uexp" 246
"../../../Engine/Content/EngineMaterials/BaseFlattenEmissiveMap.uasset" 247
"../../../Engine/Content/EngineMaterials/BaseFlattenEmissiveMap.uexp" 248
"../../../Engine/Content/EngineMaterials/BaseFlattenDiffuseMap.uasset" 249
"../../../Engine/Content/EngineMaterials/BaseFlattenDiffuseMap.uexp" 250
"../../../Engine/Content/EngineMaterials/BaseFlattenMaterial.uasset" 251
"../../../Engine/Content/EngineMaterials/BaseFlattenMaterial.uexp" 252
"../../../Engine/Content/EngineMaterials/BlueNoise.uasset" 253
"../../../Engine/Content/EngineMaterials/BlueNoise.uexp" 254
"../../../Engine/Content/EngineMaterials/DefaultBloomKernel.uasset" 255
"../../../Engine/Content/EngineMaterials/DefaultBloomKernel.uexp" 256
"../../../Engine/Content/EngineMaterials/DefaultBokeh.uasset" 257
"../../../Engine/Content/EngineMaterials/DefaultBokeh.uexp" 258
"../../../Engine/Content/EngineMaterials/DefaultDiffuse.uasset" 259
"../../../Engine/Content/EngineMaterials/DefaultDiffuse.uexp" 260
"../../../Engine/Content/EngineMaterials/DefaultDiffuse.ubulk" 261
"../../../Engine/Content/EngineMaterials/DefaultDeferredDecalMaterial.uasset" 262
"../../../Engine/Content/EngineMaterials/DefaultDeferredDecalMaterial.uexp" 263
"../../../Engine/Content/EngineMaterials/DefaultLightFunctionMaterial.uasset" 264
"../../../Engine/Content/EngineMaterials/DefaultLightFunctionMaterial.uexp" 265
"../../../Engine/Content/EngineMaterials/DefaultPhysicalMaterial.uasset" 266
"../../../Engine/Content/EngineMaterials/DefaultPhysicalMaterial.uexp" 267
"../../../Engine/Content/Functions/Engine_MaterialFunctions02/Utility/BreakOutFloat2Components.uasset" 268
"../../../Engine/Content/Functions/Engine_MaterialFunctions02/Utility/BreakOutFloat2Components.uexp" 269
"../../../Engine/Content/EngineMaterials/DefaultPostProcessMaterial.uasset" 270
"../../../Engine/Content/EngineMaterials/DefaultPostProcessMaterial.uexp" 271
"../../../Engine/Content/EngineFonts/RobotoDistanceField.uasset" 272
"../../../Engine/Content/EngineFonts/RobotoDistanceField.uexp" 273
"../../../Engine/Content/EngineMaterials/DefaultTextMaterialOpaque.uasset" 274
"../../../Engine/Content/EngineMaterials/DefaultTextMaterialOpaque.uexp" 275
"../../../Engine/Content/EngineMaterials/DefaultWhiteGrid.uasset" 276
"../../../Engine/Content/EngineMaterials/DefaultWhiteGrid.uexp" 277
"../../../Engine/Content/EngineMaterials/DefaultWhiteGrid.ubulk" 278
"../../../Engine/Content/EngineMaterials/DefaultWhiteGrid_Low.uasset" 279
"../../../Engine/Content/EngineMaterials/DefaultWhiteGrid_Low.uexp" 280
"../../../Engine/Content/EngineMaterials/EmissiveMeshMaterial.uasset" 281
"../../../Engine/Content/EngineMaterials/EmissiveMeshMaterial.uexp" 282
"../../../Engine/Content/EngineMaterials/GizmoMaterial.uasset" 283
"../../../Engine/Content/EngineMaterials/GizmoMaterial.uexp" 284
"../../../Engine/Content/EngineMaterials/Good64x64TilingNoiseHighFreq.uasset" 285
"../../../Engine/Content/EngineMaterials/Good64x64TilingNoiseHighFreq.uexp" 286
"../../../Engine/Content/EngineMaterials/MiniFont.uasset" 287
"../../../Engine/Content/EngineMaterials/MiniFont.uexp" 288
"../../../Engine/Content/EngineMaterials/InvalidLightmapSettings.uasset" 289
"../../../Engine/Content/EngineMaterials/InvalidLightmapSettings.uexp" 290
"../../../Engine/Content/EngineMaterials/InvalidLightmapSettings.ubulk" 291
"../../../Engine/Content/EngineMaterials/M_InvalidLightmapSettings.uasset" 292
"../../../Engine/Content/EngineMaterials/M_InvalidLightmapSettings.uexp" 293
"../../../Engine/Content/Functions/Engine_MaterialFunctions02/WorldPositionOffset/CameraOffset.uasset" 294
"../../../Engine/Content/Functions/Engine_MaterialFunctions02/WorldPositionOffset/CameraOffset.uexp" 295
"../../../Engine/Content/EngineMaterials/PhAT_JointLimitMaterial.uasset" 296
"../../../Engine/Content/EngineMaterials/PhAT_JointLimitMaterial.uexp" 297
"../../../Engine/Content/EngineMaterials/DefaultCalibrationColor.uasset" 298
"../../../Engine/Content/EngineMaterials/DefaultCalibrationColor.uexp" 299
"../../../Engine/Content/EngineMaterials/PPM_DefaultCalibrationColor.uasset" 300
"../../../Engine/Content/EngineMaterials/PPM_DefaultCalibrationColor.uexp" 301
"../../../Engine/Content/EngineMaterials/DefaultCalibrationGrayscale.uasset" 302
"../../../Engine/Content/EngineMaterials/DefaultCalibrationGrayscale.uexp" 303
"../../../Engine/Content/EngineMaterials/PPM_DefaultCalibrationGrayscale.uasset" 304
"../../../Engine/Content/EngineMaterials/PPM_DefaultCalibrationGrayscale.uexp" 305
"../../../Engine/Content/EngineMaterials/PreintegratedSkinBRDF.uasset" 306
"../../../Engine/Content/EngineMaterials/PreintegratedSkinBRDF.uexp" 307
"../../../Engine/Content/EngineMaterials/RemoveSurfaceMaterial.uasset" 308
"../../../Engine/Content/EngineMaterials/RemoveSurfaceMaterial.uexp" 309
"../../../Engine/Content/EngineMaterials/WeightMapPlaceholderTexture.uasset" 310
"../../../Engine/Content/EngineMaterials/WeightMapPlaceholderTexture.uexp" 311
"../../../Engine/Content/EngineResources/WhiteSquareTexture.uasset" 312
"../../../Engine/Content/EngineResources/WhiteSquareTexture.uexp" 313
"../../../Engine/Content/EngineMaterials/Widget3DPassThrough.uasset" 314
"../../../Engine/Content/EngineMaterials/Widget3DPassThrough.uexp" 315
"../../../Engine/Content/EngineMaterials/Widget3DPassThrough_Masked.uasset" 316
"../../../Engine/Content/EngineMaterials/Widget3DPassThrough_Masked.uexp" 317
"../../../Engine/Content/EngineMaterials/Widget3DPassThrough_Opaque.uasset" 318
"../../../Engine/Content/EngineMaterials/Widget3DPassThrough_Opaque.uexp" 319
"../../../Engine/Content/EngineMaterials/Widget3DPassThrough_Opaque_OneSided.uasset" 320
"../../../Engine/Content/EngineMaterials/Widget3DPassThrough_Opaque_OneSided.uexp" 321
"../../../Engine/Content/EngineMaterials/Widget3DPassThrough_Translucent.uasset" 322
"../../../Engine/Content/EngineMaterials/Widget3DPassThrough_Translucent.uexp" 323
"../../../Engine/Content/EngineMaterials/Widget3DPassThrough_Translucent_OneSided.uasset" 324
"../../../Engine/Content/EngineMaterials/Widget3DPassThrough_Translucent_OneSided.uexp" 325
"../../../Engine/Content/EngineMeshes/Cylinder.uasset" 326
"../../../Engine/Content/EngineMeshes/Cylinder.uexp" 327
"../../../Engine/Content/EngineMeshes/Sphere.uasset" 328
"../../../Engine/Content/EngineMeshes/Sphere.uexp" 329
"../../../Engine/Content/EngineResources/Black.uasset" 330
"../../../Engine/Content/EngineResources/Black.uexp" 331
"../../../Engine/Content/EngineResources/DefaultTexture.uasset" 332
"../../../Engine/Content/EngineResources/DefaultTexture.uexp" 333
"../../../Engine/Content/EngineResources/DefaultTexture.ubulk" 334
"../../../Engine/Content/EngineResources/DefaultTextureCube.uasset" 335
"../../../Engine/Content/EngineResources/DefaultTextureCube.uexp" 336
"../../../Engine/Content/EngineResources/DefaultVolumeTexture2D.uasset" 337
"../../../Engine/Content/EngineResources/DefaultVolumeTexture2D.uexp" 338
"../../../Engine/Content/EngineResources/DefaultVolumeTexture.uasset" 339
"../../../Engine/Content/EngineResources/DefaultVolumeTexture.uexp" 340
"../../../Engine/Content/EngineResources/GradientTexture0.uasset" 341
"../../../Engine/Content/EngineResources/GradientTexture0.uexp" 342
"../../../Engine/Content/EngineSky/VolumetricClouds/T_NoiseShape64.uasset" 343
"../../../Engine/Content/EngineSky/VolumetricClouds/T_NoiseShape64.uexp" 344
"../../../Engine/Content/EngineSky/VolumetricClouds/T_NoiseShape64.ubulk" 345
"../../../Engine/Content/EngineSky/VolumetricClouds/T_VolumeNoiseShape64.uasset" 346
"../../../Engine/Content/EngineSky/VolumetricClouds/T_VolumeNoiseShape64.uexp" 347
"../../../Engine/Content/EngineSky/VolumetricClouds/T_NoiseErosion.uasset" 348
"../../../Engine/Content/EngineSky/VolumetricClouds/T_NoiseErosion.uexp" 349
"../../../Engine/Content/EngineSky/VolumetricClouds/T_NoiseErosion.ubulk" 350
"../../../Engine/Content/EngineSky/VolumetricClouds/T_VolumeNoiseErosion32.uasset" 351
"../../../Engine/Content/EngineSky/VolumetricClouds/T_VolumeNoiseErosion32.uexp" 352
"../../../Engine/Content/Functions/Engine_MaterialFunctions02/Utility/MakeFloat2.uasset" 353
"../../../Engine/Content/Functions/Engine_MaterialFunctions02/Utility/MakeFloat2.uexp" 354
"../../../Engine/Content/EngineSky/VolumetricClouds/CloudWeatherTexture.uasset" 355
"../../../Engine/Content/EngineSky/VolumetricClouds/CloudWeatherTexture.uexp" 356
"../../../Engine/Content/EngineSky/VolumetricClouds/CloudGradientTexture.uasset" 357
"../../../Engine/Content/EngineSky/VolumetricClouds/CloudGradientTexture.uexp" 358
"../../../Engine/Content/EngineSky/VolumetricClouds/m_SimpleVolumetricCloud.uasset" 359
"../../../Engine/Content/EngineSky/VolumetricClouds/m_SimpleVolumetricCloud.uexp" 360
"../../../Engine/Content/EngineSky/VolumetricClouds/m_SimpleVolumetricCloud_Inst.uasset" 361
"../../../Engine/Content/EngineSky/VolumetricClouds/m_SimpleVolumetricCloud_Inst.uexp" 362
"../../../Engine/Content/EngineSounds/Master.uasset" 363
"../../../Engine/Content/EngineSounds/Master.uexp" 364
"../../../Engine/Content/Functions/Engine_MaterialFunctions01/Shading/PowerToRoughness.uasset" 365
"../../../Engine/Content/Functions/Engine_MaterialFunctions01/Shading/PowerToRoughness.uexp" 366
"../../../Engine/Content/Maps/Templates/Thumbnails/Default.uasset" 367
"../../../Engine/Content/Maps/Templates/Thumbnails/Default.uexp" 368
"../../../Engine/Content/Maps/Templates/Thumbnails/TimeOfDay.uasset" 369
"../../../Engine/Content/Maps/Templates/Thumbnails/TimeOfDay.uexp" 370
"../../../Engine/Content/Maps/Templates/Thumbnails/VR-Basic.uasset" 371
"../../../Engine/Content/Maps/Templates/Thumbnails/VR-Basic.uexp" 372
"../../../Engine/Content/MobileResources/T_MobileControls_texture.uasset" 373
"../../../Engine/Content/MobileResources/T_MobileControls_texture.uexp" 374
"../../../Engine/Content/MobileResources/T_MobileMenu2.uasset" 375
"../../../Engine/Content/MobileResources/T_MobileMenu2.uexp" 376
"../../../Engine/Content/MobileResources/HUD/AnalogHat.uasset" 377
"../../../Engine/Content/MobileResources/HUD/AnalogHat.uexp" 378
"../../../Engine/Content/MobileResources/HUD/VirtualJoystick_Thumb.uasset" 379
"../../../Engine/Content/MobileResources/HUD/VirtualJoystick_Thumb.uexp" 380
"../../../Engine/Content/MobileResources/HUD/VirtualJoystick_Background.uasset" 381
"../../../Engine/Content/MobileResources/HUD/VirtualJoystick_Background.uexp" 382
"../../../Engine/Content/MobileResources/HUD/DefaultVirtualJoysticks.uasset" 383
"../../../Engine/Content/MobileResources/HUD/DefaultVirtualJoysticks.uexp" 384
"../../../Engine/Content/MobileResources/HUD/LeftVirtualJoystickOnly.uasset" 385
"../../../Engine/Content/MobileResources/HUD/LeftVirtualJoystickOnly.uexp" 386
"../../../Engine/Content/MobileResources/HUD/MobileHUDButton1_off.uasset" 387
"../../../Engine/Content/MobileResources/HUD/MobileHUDButton1_off.uexp" 388
"../../../Engine/Content/MobileResources/HUD/MobileHUDButton1_on.uasset" 389
"../../../Engine/Content/MobileResources/HUD/MobileHUDButton1_on.uexp" 390
"../../../Engine/Content/MobileResources/HUD/MobileHUDButton2_off.uasset" 391
"../../../Engine/Content/MobileResources/HUD/MobileHUDButton2_off.uexp" 392
"../../../Engine/Content/MobileResources/HUD/MobileHUDButton2_on.uasset" 393
"../../../Engine/Content/MobileResources/HUD/MobileHUDButton2_on.uexp" 394
"../../../Engine/Content/MobileResources/HUD/MobileHUDButton3.uasset" 395
"../../../Engine/Content/MobileResources/HUD/MobileHUDButton3.uexp" 396
"../../../Engine/Content/MobileResources/HUD/MobileHUDButtonFire.uasset" 397
"../../../Engine/Content/MobileResources/HUD/MobileHUDButtonFire.uexp" 398
"../../../Engine/Content/MobileResources/HUD/MobileHUDDirectionPad.uasset" 399
"../../../Engine/Content/MobileResources/HUD/MobileHUDDirectionPad.uexp" 400
"../../../Engine/Content/MobileResources/HUD/MobileHUDDirectionPad2.uasset" 401
"../../../Engine/Content/MobileResources/HUD/MobileHUDDirectionPad2.uexp" 402
"../../../Engine/Content/MobileResources/HUD/MobileHUDDirectionPad3.uasset" 403
"../../../Engine/Content/MobileResources/HUD/MobileHUDDirectionPad3.uexp" 404
"../../../Engine/Content/MobileResources/HUD/MobileHUDDirectionStick.uasset" 405
"../../../Engine/Content/MobileResources/HUD/MobileHUDDirectionStick.uexp" 406
"../../../Engine/Content/MobileResources/HUD/T_Castle_ThumbstickInner.uasset" 407
"../../../Engine/Content/MobileResources/HUD/T_Castle_ThumbstickInner.uexp" 408
"../../../Engine/Content/MobileResources/HUD/T_Castle_ThumbstickOutter.uasset" 409
"../../../Engine/Content/MobileResources/HUD/T_Castle_ThumbstickOutter.uexp" 410
"../../../Engine/Content/Tutorial/ContentIntroCurve.uasset" 411
"../../../Engine/Content/Tutorial/ContentIntroCurve.uexp" 412
"../../../Engine/Content/Tutorial/Basics/TutorialAssets/icon_tab_Levels_40x.uasset" 413
"../../../Engine/Content/Tutorial/Basics/TutorialAssets/icon_tab_Levels_40x.uexp" 414
"../../../Engine/Content/Tutorial/BlueprintTutorials/TutorialAssets/Blueprint_64x.uasset" 415
"../../../Engine/Content/Tutorial/BlueprintTutorials/TutorialAssets/Blueprint_64x.uexp" 416
"../../../Engine/Content/VREditor/TransformGizmo/TranslucentTransformGizmoMaterial.uasset" 417
"../../../Engine/Content/VREditor/TransformGizmo/TranslucentTransformGizmoMaterial.uexp" 418
"../../../Engine/Content/VREditor/LaserPointer/VR_LaserPower_01.uasset" 419
"../../../Engine/Content/VREditor/LaserPointer/VR_LaserPower_01.uexp" 420
"../../../Engine/Content/VREditor/LaserPointer/VR_LaserPower_01.ubulk" 421
"../../../Engine/Content/VREditor/TransformGizmo/TransformGizmoMaterial.uasset" 422
"../../../Engine/Content/VREditor/TransformGizmo/TransformGizmoMaterial.uexp" 423
"../../../Engine/Content/VREditor/TransformGizmo/BoundingBoxCorner.uasset" 424
"../../../Engine/Content/VREditor/TransformGizmo/BoundingBoxCorner.uexp" 425
"../../../Engine/Content/VREditor/TransformGizmo/BoundingBoxEdge.uasset" 426
"../../../Engine/Content/VREditor/TransformGizmo/BoundingBoxEdge.uexp" 427
"../../../Engine/Content/VREditor/TransformGizmo/PlaneTranslationHandle.uasset" 428
"../../../Engine/Content/VREditor/TransformGizmo/PlaneTranslationHandle.uexp" 429
"../../../Engine/Content/VREditor/TransformGizmo/Xray.uasset" 430
"../../../Engine/Content/VREditor/TransformGizmo/Xray.uexp" 431
"../../../Engine/Content/VREditor/TransformGizmo/Main.uasset" 432
"../../../Engine/Content/VREditor/TransformGizmo/Main.uexp" 433
"../../../Engine/Content/VREditor/TransformGizmo/SM_Sequencer_Key.uasset" 434
"../../../Engine/Content/VREditor/TransformGizmo/SM_Sequencer_Key.uexp" 435
"../../../Engine/Content/VREditor/TransformGizmo/SM_Sequencer_Node.uasset" 436
"../../../Engine/Content/VREditor/TransformGizmo/SM_Sequencer_Node.uexp" 437
"../../../Engine/Plugins/2D/Paper2D/Content/PlaceholderTextures/DummySpriteTexture.uasset" 438
"../../../Engine/Plugins/2D/Paper2D/Content/PlaceholderTextures/DummySpriteTexture.uexp" 439
"../../../Engine/Plugins/2D/Paper2D/Content/PlaceholderTextures/DummySpriteTexture.ubulk" 440
"../../../Engine/Plugins/2D/Paper2D/Content/DummySprite.uasset" 441
"../../../Engine/Plugins/2D/Paper2D/Content/DummySprite.uexp" 442
"../../../Engine/Plugins/2D/Paper2D/Content/DefaultPaperTerrainMaterial.uasset" 443
"../../../Engine/Plugins/2D/Paper2D/Content/DefaultPaperTerrainMaterial.uexp" 444
"../../../Engine/Plugins/2D/Paper2D/Content/DefaultSpriteMaterial.uasset" 445
"../../../Engine/Plugins/2D/Paper2D/Content/DefaultSpriteMaterial.uexp" 446
"../../../Engine/Plugins/2D/Paper2D/Content/MaskedUnlitSpriteMaterial.uasset" 447
"../../../Engine/Plugins/2D/Paper2D/Content/MaskedUnlitSpriteMaterial.uexp" 448
"../../../Engine/Plugins/2D/Paper2D/Content/OpaqueUnlitSpriteMaterial.uasset" 449
"../../../Engine/Plugins/2D/Paper2D/Content/OpaqueUnlitSpriteMaterial.uexp" 450
"../../../Engine/Content/BasicShapes/Cylinder.uasset" 451
"../../../Engine/Content/BasicShapes/Cylinder.uexp" 452
"../../../Engine/Content/ArtTools/RenderToTexture/Materials/Debug/M_Emissive_Color.uasset" 453
"../../../Engine/Content/ArtTools/RenderToTexture/Materials/Debug/M_Emissive_Color.uexp" 454
"../../../Engine/Plugins/Lumin/MagicLeapPassableWorld/Content/MagicLeapARPinInfoActor.uasset" 455
"../../../Engine/Plugins/Lumin/MagicLeapPassableWorld/Content/MagicLeapARPinInfoActor.uexp" 456
"../../../Engine/Content/Functions/Engine_MaterialFunctions02/SafeNormalize.uasset" 457
"../../../Engine/Content/Functions/Engine_MaterialFunctions02/SafeNormalize.uexp" 458
"../../../Engine/Content/Functions/Engine_MaterialFunctions02/Utility/VectorLength.uasset" 459
"../../../Engine/Content/Functions/Engine_MaterialFunctions02/Utility/VectorLength.uexp" 460
"../../../Engine/Content/Functions/Engine_MaterialFunctions02/ObjectLocalBounds.uasset" 461
"../../../Engine/Content/Functions/Engine_MaterialFunctions02/ObjectLocalBounds.uexp" 462
"../../../Engine/Content/Functions/Engine_MaterialFunctions02/Utility/BreakOutFloat3Components.uasset" 463
"../../../Engine/Content/Functions/Engine_MaterialFunctions02/Utility/BreakOutFloat3Components.uexp" 464
"../../../Engine/Plugins/Editor/SpeedTreeImporter/Content/SpeedTree9/UnpackInteger3.uasset" 465
"../../../Engine/Plugins/Editor/SpeedTreeImporter/Content/SpeedTree9/UnpackInteger3.uexp" 466
"../../../Engine/Plugins/Editor/SpeedTreeImporter/Content/SpeedTree9/UnpackDirection.uasset" 467
"../../../Engine/Plugins/Editor/SpeedTreeImporter/Content/SpeedTree9/UnpackDirection.uexp" 468
"../../../Engine/Plugins/Editor/SpeedTreeImporter/Content/SpeedTree9/game_wind_noise.uasset" 469
"../../../Engine/Plugins/Editor/SpeedTreeImporter/Content/SpeedTree9/game_wind_noise.uexp" 470
"../../../Engine/Plugins/Editor/SpeedTreeImporter/Content/SpeedTree9/game_wind_noise.ubulk" 471
"../../../Engine/Plugins/Editor/SpeedTreeImporter/Content/SpeedTree9/SpeedTreeWindMotion.uasset" 472
"../../../Engine/Plugins/Editor/SpeedTreeImporter/Content/SpeedTree9/SpeedTreeWindMotion.uexp" 473
"../../../Engine/Plugins/Editor/SpeedTreeImporter/Content/SpeedTree9/SpeedTreeBranchMotion.uasset" 474
"../../../Engine/Plugins/Editor/SpeedTreeImporter/Content/SpeedTree9/SpeedTreeBranchMotion.uexp" 475
"../../../Engine/Content/Functions/Engine_MaterialFunctions02/UVs/BoundingBoxBased_0-1_UVW.uasset" 476
"../../../Engine/Content/Functions/Engine_MaterialFunctions02/UVs/BoundingBoxBased_0-1_UVW.uexp" 477
"../../../Engine/Content/Functions/Engine_MaterialFunctions02/WorldPositionOffset/ObjectScale.uasset" 478
"../../../Engine/Content/Functions/Engine_MaterialFunctions02/WorldPositionOffset/ObjectScale.uexp" 479
"../../../Engine/Plugins/Editor/SpeedTreeImporter/Content/SpeedTree9/SpeedTreeWind.uasset" 480
"../../../Engine/Plugins/Editor/SpeedTreeImporter/Content/SpeedTree9/SpeedTreeWind.uexp" 481
"../../../Engine/Plugins/Editor/SpeedTreeImporter/Content/SpeedTree9/SpeedTreeBillboard.uasset" 482
"../../../Engine/Plugins/Editor/SpeedTreeImporter/Content/SpeedTree9/SpeedTreeBillboard.uexp" 483
"../../../Engine/Plugins/Editor/SpeedTreeImporter/Content/SpeedTree9/EmptyNormal.uasset" 484
"../../../Engine/Plugins/Editor/SpeedTreeImporter/Content/SpeedTree9/EmptyNormal.uexp" 485
"../../../Engine/Plugins/Editor/SpeedTreeImporter/Content/SpeedTree9/Empty.uasset" 486
"../../../Engine/Plugins/Editor/SpeedTreeImporter/Content/SpeedTree9/Empty.uexp" 487
"../../../Engine/Plugins/Editor/SpeedTreeImporter/Content/SpeedTree9/SpeedTreeBillboardMaster.uasset" 488
"../../../Engine/Plugins/Editor/SpeedTreeImporter/Content/SpeedTree9/SpeedTreeBillboardMaster.uexp" 489
"../../../Engine/Plugins/Editor/SpeedTreeImporter/Content/SpeedTree9/SpeedTreeCameraFacing.uasset" 490
"../../../Engine/Plugins/Editor/SpeedTreeImporter/Content/SpeedTree9/SpeedTreeCameraFacing.uexp" 491
"../../../Engine/Plugins/Editor/SpeedTreeImporter/Content/SpeedTree9/SpeedTreeMaster.uasset" 492
"../../../Engine/Plugins/Editor/SpeedTreeImporter/Content/SpeedTree9/SpeedTreeMaster.uexp" 493
"D:/GitHub/MNEMONIC/MNEMONIC_Project/Content/Models/S_HalfArch_01.uasset" 494
"D:/GitHub/MNEMONIC/MNEMONIC_Project/Content/Models/S_HalfArch_01.uexp" 495
"D:/GitHub/MNEMONIC/MNEMONIC_Project/Content/Models/S_Chest_01.uasset" 496
"D:/GitHub/MNEMONIC/MNEMONIC_Project/Content/Models/S_Chest_01.uexp" 497
"D:/GitHub/MNEMONIC/MNEMONIC_Project/Content/Models/S_BridgeRail_01.uasset" 498
"D:/GitHub/MNEMONIC/MNEMONIC_Project/Content/Models/S_BridgeRail_01.uexp" 499
"D:/GitHub/MNEMONIC/MNEMONIC_Project/Content/Models/LadderWall/S_LadderWall_Inset_02.uasset" 500
"D:/GitHub/MNEMONIC/MNEMONIC_Project/Content/Models/LadderWall/S_LadderWall_Inset_02.uexp" 501
"D:/GitHub/MNEMONIC/MNEMONIC_Project/Content/Models/Gate/S_EndGate_01.uasset" 502
"D:/GitHub/MNEMONIC/MNEMONIC_Project/Content/Models/Gate/S_EndGate_01.uexp" 503
"D:/GitHub/MNEMONIC/MNEMONIC_Project/Content/Models/BuildingSet1/bridge_ver1.uasset" 504
"D:/GitHub/MNEMONIC/MNEMONIC_Project/Content/Models/BuildingSet1/bridge_ver1.uexp" 505
"D:/GitHub/MNEMONIC/MNEMONIC_Project/Content/Geometry/Meshes/CubeMaterial.uasset" 506
"D:/GitHub/MNEMONIC/MNEMONIC_Project/Content/Geometry/Meshes/CubeMaterial.uexp" 507
"D:/GitHub/MNEMONIC/MNEMONIC_Project/Content/Geometry/Meshes/1M_Cube.uasset" 508
"D:/GitHub/MNEMONIC/MNEMONIC_Project/Content/Geometry/Meshes/1M_Cube.uexp" 509
"../../../Engine/Content/EngineSky/T_Sky_Stars.uasset" 510
"../../../Engine/Content/EngineSky/T_Sky_Stars.uexp" 511
"../../../Engine/Content/EngineSky/T_Sky_Stars.ubulk" 512
"../../../Engine/Content/EngineSky/T_Sky_Clouds_M.uasset" 513
"../../../Engine/Content/EngineSky/T_Sky_Clouds_M.uexp" 514
"../../../Engine/Content/EngineSky/T_Sky_Clouds_M.ubulk" 515
"../../../Engine/Content/EngineSky/T_Sky_Blue.uasset" 516
"../../../Engine/Content/EngineSky/T_Sky_Blue.uexp" 517
"../../../Engine/Content/EngineSky/T_Sky_Blue.ubulk" 518
"../../../Engine/Content/EngineDebugMaterials/HeatmapGradient.uasset" 519
"../../../Engine/Content/EngineDebugMaterials/HeatmapGradient.uexp" 520
"../../../Engine/Content/EngineDebugMaterials/HeatmapGradient.ubulk" 521
"../../../Engine/Content/Functions/Engine_MaterialFunctions01/ImageAdjustment/CheapContrast_RGB.uasset" 522
"../../../Engine/Content/Functions/Engine_MaterialFunctions01/ImageAdjustment/CheapContrast_RGB.uexp" 523
"D:/GitHub/MNEMONIC/MNEMONIC_Project/Content/External_Stuff/StarterBundle/ModularScifiProps/Textures/T_Metal_Scratches_M.uasset" 524
"D:/GitHub/MNEMONIC/MNEMONIC_Project/Content/External_Stuff/StarterBundle/ModularScifiProps/Textures/T_Metal_Scratches_M.uexp" 525
"D:/GitHub/MNEMONIC/MNEMONIC_Project/Content/External_Stuff/StarterBundle/ModularScifiProps/Textures/T_Metal_Brushed_N.uasset" 526
"D:/GitHub/MNEMONIC/MNEMONIC_Project/Content/External_Stuff/StarterBundle/ModularScifiProps/Textures/T_Metal_Brushed_N.uexp" 527
"D:/GitHub/MNEMONIC/MNEMONIC_Project/Content/External_Stuff/StarterBundle/ModularScifiProps/Textures/T_Metal_Brushed_N.ubulk" 528
"D:/GitHub/MNEMONIC/MNEMONIC_Project/Content/Materials/M_Base.uasset" 529
"D:/GitHub/MNEMONIC/MNEMONIC_Project/Content/Materials/M_Base.uexp" 530
"D:/GitHub/MNEMONIC/MNEMONIC_Project/Content/Materials/M_WallrunSurf.uasset" 531
"D:/GitHub/MNEMONIC/MNEMONIC_Project/Content/Materials/M_WallrunSurf.uexp" 532
"D:/GitHub/MNEMONIC/MNEMONIC_Project/Content/Materials/M_Parkourable.uasset" 533
"D:/GitHub/MNEMONIC/MNEMONIC_Project/Content/Materials/M_Parkourable.uexp" 534
"D:/GitHub/MNEMONIC/MNEMONIC_Project/Content/Materials/M_Dark_Surfaces_Inst.uasset" 535
"D:/GitHub/MNEMONIC/MNEMONIC_Project/Content/Materials/M_Dark_Surfaces_Inst.uexp" 536
"D:/GitHub/MNEMONIC/MNEMONIC_Project/Content/Materials/M_Dark_Surfaces_Metallic_Inst.uasset" 537
"D:/GitHub/MNEMONIC/MNEMONIC_Project/Content/Materials/M_Dark_Surfaces_Metallic_Inst.uexp" 538
"D:/GitHub/MNEMONIC/MNEMONIC_Project/Content/Materials/M_Dark_Surfaces_2_Inst.uasset" 539
"D:/GitHub/MNEMONIC/MNEMONIC_Project/Content/Materials/M_Dark_Surfaces_2_Inst.uexp" 540
"D:/GitHub/MNEMONIC/MNEMONIC_Project/Content/Materials/M_Chest.uasset" 541
"D:/GitHub/MNEMONIC/MNEMONIC_Project/Content/Materials/M_Chest.uexp" 542
"D:/GitHub/MNEMONIC/MNEMONIC_Project/Content/Materials/M_Chaser.uasset" 543
"D:/GitHub/MNEMONIC/MNEMONIC_Project/Content/Materials/M_Chaser.uexp" 544
"D:/GitHub/MNEMONIC/MNEMONIC_Project/Content/Materials/M_Ceiling_inst.uasset" 545
"D:/GitHub/MNEMONIC/MNEMONIC_Project/Content/Materials/M_Ceiling_inst.uexp" 546
"D:/GitHub/MNEMONIC/MNEMONIC_Project/Content/Materials/M_Bright_Floor.uasset" 547
"D:/GitHub/MNEMONIC/MNEMONIC_Project/Content/Materials/M_Bright_Floor.uexp" 548
"../../../Engine/Content/EngineSky/M_Sky_Panning_Clouds2.uasset" 549
"../../../Engine/Content/EngineSky/M_Sky_Panning_Clouds2.uexp" 550
"D:/GitHub/MNEMONIC/MNEMONIC_Project/Content/Maps/JungleGymv1_BuiltData.uasset" 551
"D:/GitHub/MNEMONIC/MNEMONIC_Project/Content/Maps/JungleGymv1_BuiltData.uexp" 552
"D:/GitHub/MNEMONIC/MNEMONIC_Project/Content/Maps/JungleGymv1_BuiltData.ubulk" 553
"D:/GitHub/MNEMONIC/MNEMONIC_Project/Content/Models/Altar/altarEvenV2.uasset" 554
"D:/GitHub/MNEMONIC/MNEMONIC_Project/Content/Models/Altar/altarEvenV2.uexp" 555
"../../../Engine/Content/EditorBlueprintResources/StandardMacros.uasset" 556
"../../../Engine/Content/EditorBlueprintResources/StandardMacros.uexp" 557
"../../../Engine/Content/Animation/DefaultAnimCurveCompressionSettings.uasset" 558
"../../../Engine/Content/Animation/DefaultAnimCurveCompressionSettings.uexp" 559
"../../../Engine/Content/Animation/DefaultAnimBoneCompressionSettings.uasset" 560
"../../../Engine/Content/Animation/DefaultAnimBoneCompressionSettings.uexp" 561
"D:/GitHub/MNEMONIC/MNEMONIC_Project/Content/Animations/Player/Dash/Player_Skeleton.uasset" 562
"D:/GitHub/MNEMONIC/MNEMONIC_Project/Content/Animations/Player/Dash/Player_Skeleton.uexp" 563
"D:/GitHub/MNEMONIC/MNEMONIC_Project/Content/Animations/Player/Misc/ARM_Climd_Anim.uasset" 564
"D:/GitHub/MNEMONIC/MNEMONIC_Project/Content/Animations/Player/Misc/ARM_Climd_Anim.uexp" 565
"D:/GitHub/MNEMONIC/MNEMONIC_Project/Content/Animations/Player/Slide/Slide_AnimationSlide_Anim.uasset" 566
"D:/GitHub/MNEMONIC/MNEMONIC_Project/Content/Animations/Player/Slide/Slide_AnimationSlide_Anim.uexp" 567
"D:/GitHub/MNEMONIC/MNEMONIC_Project/Content/Animations/Player/Misc/ARM_Sprint_Anim.uasset" 568
"D:/GitHub/MNEMONIC/MNEMONIC_Project/Content/Animations/Player/Misc/ARM_Sprint_Anim.uexp" 569
"D:/GitHub/MNEMONIC/MNEMONIC_Project/Content/Animations/Player/Misc/ARM_PickUp_Anim.uasset" 570
"D:/GitHub/MNEMONIC/MNEMONIC_Project/Content/Animations/Player/Misc/ARM_PickUp_Anim.uexp" 571
"D:/GitHub/MNEMONIC/MNEMONIC_Project/Content/Animations/Player/Misc/ARM_PickUp_Anim_Montage.uasset" 572
"D:/GitHub/MNEMONIC/MNEMONIC_Project/Content/Animations/Player/Misc/ARM_PickUp_Anim_Montage.uexp" 573
"D:/GitHub/MNEMONIC/MNEMONIC_Project/Content/Animations/Player/Jump/Jump_Animation_Anim.uasset" 574
"D:/GitHub/MNEMONIC/MNEMONIC_Project/Content/Animations/Player/Jump/Jump_Animation_Anim.uexp" 575
"D:/GitHub/MNEMONIC/MNEMONIC_Project/Content/Animations/Player/Dash/Dash_Forward_Animation_Anim.uasset" 576
"D:/GitHub/MNEMONIC/MNEMONIC_Project/Content/Animations/Player/Dash/Dash_Forward_Animation_Anim.uexp" 577
"D:/GitHub/MNEMONIC/MNEMONIC_Project/Content/Animations/Player/Dash/Dash_Forward_Animation_Anim_Montage.uasset" 578
"D:/GitHub/MNEMONIC/MNEMONIC_Project/Content/Animations/Player/Dash/Dash_Forward_Animation_Anim_Montage.uexp" 579
"D:/GitHub/MNEMONIC/MNEMONIC_Project/Content/Animations/Player/PlayerAnimBlueprint.uasset" 580
"D:/GitHub/MNEMONIC/MNEMONIC_Project/Content/Animations/Player/PlayerAnimBlueprint.uexp" 581
"D:/GitHub/MNEMONIC/MNEMONIC_Project/Content/Animations/Player/Slide/lambert1.uasset" 582
"D:/GitHub/MNEMONIC/MNEMONIC_Project/Content/Animations/Player/Slide/lambert1.uexp" 583
"D:/GitHub/MNEMONIC/MNEMONIC_Project/Content/Animations/Player/Slide/Slide_AnimationSlide_PhysicsAsset.uasset" 584
"D:/GitHub/MNEMONIC/MNEMONIC_Project/Content/Animations/Player/Slide/Slide_AnimationSlide_PhysicsAsset.uexp" 585
"D:/GitHub/MNEMONIC/MNEMONIC_Project/Content/Animations/Player/Slide/Slide_AnimationSlide.uasset" 586
"D:/GitHub/MNEMONIC/MNEMONIC_Project/Content/Animations/Player/Slide/Slide_AnimationSlide.uexp" 587
"D:/GitHub/MNEMONIC/MNEMONIC_Project/Content/Audio/DialogueSoundClass.uasset" 588
"D:/GitHub/MNEMONIC/MNEMONIC_Project/Content/Audio/DialogueSoundClass.uexp" 589
"D:/GitHub/MNEMONIC/MNEMONIC_Project/Content/Blueprints/BP_InteractInterface.uasset" 590
"D:/GitHub/MNEMONIC/MNEMONIC_Project/Content/Blueprints/BP_InteractInterface.uexp" 591
"D:/GitHub/MNEMONIC/MNEMONIC_Project/Content/UI/Sprites/Corruption/GateUI_StrikeIndicator_Active.uasset" 592
"D:/GitHub/MNEMONIC/MNEMONIC_Project/Content/UI/Sprites/Corruption/GateUI_StrikeIndicator_Active.uexp" 593
"D:/GitHub/MNEMONIC/MNEMONIC_Project/Content/UI/RajdhaniFont/Rajdhani-SemiBold.uasset" 594
"D:/GitHub/MNEMONIC/MNEMONIC_Project/Content/UI/RajdhaniFont/Rajdhani-SemiBold.uexp" 595
"D:/GitHub/MNEMONIC/MNEMONIC_Project/Content/UI/RajdhaniFont/Rajdhani-SemiBold.ufont" 596
"D:/GitHub/MNEMONIC/MNEMONIC_Project/Content/UI/RajdhaniFont/Rajdhani-SemiBold_Font.uasset" 597
"D:/GitHub/MNEMONIC/MNEMONIC_Project/Content/UI/RajdhaniFont/Rajdhani-SemiBold_Font.uexp" 598
"D:/GitHub/MNEMONIC/MNEMONIC_Project/Content/UI/RajdhaniFont/Rajdhani-Bold.uasset" 599
"D:/GitHub/MNEMONIC/MNEMONIC_Project/Content/UI/RajdhaniFont/Rajdhani-Bold.uexp" 600
"D:/GitHub/MNEMONIC/MNEMONIC_Project/Content/UI/RajdhaniFont/Rajdhani-Bold.ufont" 601
"D:/GitHub/MNEMONIC/MNEMONIC_Project/Content/UI/RajdhaniFont/Rajdhani-Bold_Font.uasset" 602
"D:/GitHub/MNEMONIC/MNEMONIC_Project/Content/UI/RajdhaniFont/Rajdhani-Bold_Font.uexp" 603
"D:/GitHub/MNEMONIC/MNEMONIC_Project/Content/UI/Sprites/UI_HUDCurrencyMGC_Icon.uasset" 604
"D:/GitHub/MNEMONIC/MNEMONIC_Project/Content/UI/Sprites/UI_HUDCurrencyMGC_Icon.uexp" 605
"D:/GitHub/MNEMONIC/MNEMONIC_Project/Content/Blueprints/Widgets/BP_PlayerStatsWidget.uasset" 606
"D:/GitHub/MNEMONIC/MNEMONIC_Project/Content/Blueprints/Widgets/BP_PlayerStatsWidget.uexp" 607
"../../../Engine/Plugins/FX/Niagara/Content/Enums/ENiagaraInactiveMode.uasset" 608
"../../../Engine/Plugins/FX/Niagara/Content/Enums/ENiagaraInactiveMode.uexp" 609
"../../../Engine/Plugins/FX/Niagara/Content/Enums/ENiagaraEmitterScalabilityMode_Limited.uasset" 610
"../../../Engine/Plugins/FX/Niagara/Content/Enums/ENiagaraEmitterScalabilityMode_Limited.uexp" 611
"../../../Engine/Plugins/FX/Niagara/Content/Enums/ENiagaraEmitterLifeCycleMode.uasset" 612
"../../../Engine/Plugins/FX/Niagara/Content/Enums/ENiagaraEmitterLifeCycleMode.uexp" 613
"../../../Engine/Plugins/FX/Niagara/Content/Enums/ENiagaraChannelCorrelation.uasset" 614
"../../../Engine/Plugins/FX/Niagara/Content/Enums/ENiagaraChannelCorrelation.uexp" 615
"../../../Engine/Plugins/FX/Niagara/Content/Enums/ENiagara_UVFlippingMode.uasset" 616
"../../../Engine/Plugins/FX/Niagara/Content/Enums/ENiagara_UVFlippingMode.uexp" 617
"../../../Engine/Plugins/FX/Niagara/Content/Enums/ENiagara_SizeScaleMode.uasset" 618
"../../../Engine/Plugins/FX/Niagara/Content/Enums/ENiagara_SizeScaleMode.uexp" 619
"../../../Engine/Plugins/FX/Niagara/Content/Enums/ENiagara_PositionInitializationMode.uasset" 620
"../../../Engine/Plugins/FX/Niagara/Content/Enums/ENiagara_PositionInitializationMode.uexp" 621
"../../../Engine/Plugins/FX/Niagara/Content/Enums/ENiagara_MassInitializationMode.uasset" 622
"../../../Engine/Plugins/FX/Niagara/Content/Enums/ENiagara_MassInitializationMode.uexp" 623
"../../../Engine/Plugins/FX/Niagara/Content/Enums/ENiagara_LifetimeMode.uasset" 624
"../../../Engine/Plugins/FX/Niagara/Content/Enums/ENiagara_LifetimeMode.uexp" 625
"../../../Engine/Plugins/FX/Niagara/Content/Enums/ENiagara_InfiniteLoopDuration.uasset" 626
"../../../Engine/Plugins/FX/Niagara/Content/Enums/ENiagara_InfiniteLoopDuration.uexp" 627
"../../../Engine/Plugins/FX/Niagara/Content/Enums/ENiagara_EmitterStateOptions.uasset" 628
"../../../Engine/Plugins/FX/Niagara/Content/Enums/ENiagara_EmitterStateOptions.uexp" 629
"../../../Engine/Plugins/FX/Niagara/Content/Enums/ENiagara_ColorInitializationMode.uasset" 630
"../../../Engine/Plugins/FX/Niagara/Content/Enums/ENiagara_ColorInitializationMode.uexp" 631
"../../../Engine/Plugins/FX/Niagara/Content/Functions/DirectionAndLengthSafe.uasset" 632
"../../../Engine/Plugins/FX/Niagara/Content/Functions/DirectionAndLengthSafe.uexp" 633
"../../../Engine/Plugins/FX/Niagara/Content/Modules/Update/Size/ScaleSpriteSizeBySpeed.uasset" 634
"../../../Engine/Plugins/FX/Niagara/Content/Modules/Update/Size/ScaleSpriteSizeBySpeed.uexp" 635
"../../../Engine/Plugins/FX/Niagara/Content/Modules/Update/Lifetime/ParticleState.uasset" 636
"../../../Engine/Plugins/FX/Niagara/Content/Modules/Update/Lifetime/ParticleState.uexp" 637
"../../../Engine/Plugins/FX/Niagara/Content/Functions/Localspace/TransformBase.uasset" 638
"../../../Engine/Plugins/FX/Niagara/Content/Functions/Localspace/TransformBase.uexp" 639
"../../../Engine/Plugins/FX/Niagara/Content/Functions/Localspace/TransformVector.uasset" 640
"../../../Engine/Plugins/FX/Niagara/Content/Functions/Localspace/TransformVector.uexp" 641
"../../../Engine/Plugins/FX/Niagara/Content/Modules/Update/Forces/GravityForce.uasset" 642
"../../../Engine/Plugins/FX/Niagara/Content/Modules/Update/Forces/GravityForce.uexp" 643
"../../../Engine/Plugins/FX/Niagara/Content/Modules/Update/Forces/Drag.uasset" 644
"../../../Engine/Plugins/FX/Niagara/Content/Modules/Update/Forces/Drag.uexp" 645
"../../../Engine/Plugins/FX/Niagara/Content/Enums/ENiagaraScaleColorMode.uasset" 646
"../../../Engine/Plugins/FX/Niagara/Content/Enums/ENiagaraScaleColorMode.uexp" 647
"../../../Engine/Plugins/FX/Niagara/Content/Modules/Update/Color/ScaleColor.uasset" 648
"../../../Engine/Plugins/FX/Niagara/Content/Modules/Update/Color/ScaleColor.uexp" 649
"../../../Engine/Plugins/FX/Niagara/Content/Functions/System/SystemChangeState.uasset" 650
"../../../Engine/Plugins/FX/Niagara/Content/Functions/System/SystemChangeState.uexp" 651
"../../../Engine/Plugins/FX/Niagara/Content/Enums/ENiagaraSystemInactiveMode.uasset" 652
"../../../Engine/Plugins/FX/Niagara/Content/Enums/ENiagaraSystemInactiveMode.uexp" 653
"../../../Engine/Plugins/FX/Niagara/Content/Modules/System/SystemState.uasset" 654
"../../../Engine/Plugins/FX/Niagara/Content/Modules/System/SystemState.uexp" 655
"../../../Engine/Plugins/FX/Niagara/Content/Functions/Math/RemapValueRange.uasset" 656
"../../../Engine/Plugins/FX/Niagara/Content/Functions/Math/RemapValueRange.uexp" 657
"../../../Engine/Plugins/FX/Niagara/Content/Functions/Rotation/MultiplyVectorWithQuaternion.uasset" 658
"../../../Engine/Plugins/FX/Niagara/Content/Functions/Rotation/MultiplyVectorWithQuaternion.uexp" 659
"../../../Engine/Plugins/FX/Niagara/Content/Functions/Rotation/FindQuatBetween.uasset" 660
"../../../Engine/Plugins/FX/Niagara/Content/Functions/Rotation/FindQuatBetween.uexp" 661
"../../../Engine/Plugins/FX/Niagara/Content/Functions/PolarToCartesianCoordinates.uasset" 662
"../../../Engine/Plugins/FX/Niagara/Content/Functions/PolarToCartesianCoordinates.uexp" 663
"../../../Engine/Plugins/FX/Niagara/Content/Enums/ENiagaraRandomnessMode.uasset" 664
"../../../Engine/Plugins/FX/Niagara/Content/Enums/ENiagaraRandomnessMode.uexp" 665
"../../../Engine/Plugins/FX/Niagara/Content/Functions/GetRandomInfo.uasset" 666
"../../../Engine/Plugins/FX/Niagara/Content/Functions/GetRandomInfo.uexp" 667
"../../../Engine/Plugins/FX/Niagara/Content/Functions/RandomRangeFloat.uasset" 668
"../../../Engine/Plugins/FX/Niagara/Content/Functions/RandomRangeFloat.uexp" 669
"../../../Engine/Plugins/FX/Niagara/Content/Functions/RandomVectorInCone.uasset" 670
"../../../Engine/Plugins/FX/Niagara/Content/Functions/RandomVectorInCone.uexp" 671
"../../../Engine/Plugins/FX/Niagara/Content/Modules/Spawn/Velocity/AddVelocityInCone.uasset" 672
"../../../Engine/Plugins/FX/Niagara/Content/Modules/Spawn/Velocity/AddVelocityInCone.uexp" 673
"../../../Engine/Plugins/FX/Niagara/Content/Functions/LinearColor/HueShiftLinearColor.uasset" 674
"../../../Engine/Plugins/FX/Niagara/Content/Functions/LinearColor/HueShiftLinearColor.uexp" 675
"../../../Engine/Plugins/FX/Niagara/Content/Enums/ENiagaraRandomnessEvaluation.uasset" 676
"../../../Engine/Plugins/FX/Niagara/Content/Enums/ENiagaraRandomnessEvaluation.uexp" 677
"../../../Engine/Plugins/FX/Niagara/Content/Functions/V2/CalculateRandomRangeInteger.uasset" 678
"../../../Engine/Plugins/FX/Niagara/Content/Functions/V2/CalculateRandomRangeInteger.uexp" 679
"../../../Engine/Plugins/FX/Niagara/Content/Functions/V2/CalculateRandomBool.uasset" 680
"../../../Engine/Plugins/FX/Niagara/Content/Functions/V2/CalculateRandomBool.uexp" 681
"../../../Engine/Plugins/FX/Niagara/Content/Functions/Localspace/SimulationPosition.uasset" 682
"../../../Engine/Plugins/FX/Niagara/Content/Functions/Localspace/SimulationPosition.uexp" 683
"../../../Engine/Plugins/FX/Niagara/Content/Functions/V2/CalculateRandomRangeFloat.uasset" 684
"../../../Engine/Plugins/FX/Niagara/Content/Functions/V2/CalculateRandomRangeFloat.uexp" 685
"../../../Engine/Plugins/FX/Niagara/Content/Functions/V2/CalculateRandomRange.uasset" 686
"../../../Engine/Plugins/FX/Niagara/Content/Functions/V2/CalculateRandomRange.uexp" 687
"../../../Engine/Plugins/FX/Niagara/Content/Enums/ENiagara_SpriteRotationMode.uasset" 688
"../../../Engine/Plugins/FX/Niagara/Content/Enums/ENiagara_SpriteRotationMode.uexp" 689
"../../../Engine/Plugins/FX/Niagara/Content/Enums/Ribbons/ENiagara_UnsetDirectSetRandom.uasset" 690
"../../../Engine/Plugins/FX/Niagara/Content/Enums/Ribbons/ENiagara_UnsetDirectSetRandom.uexp" 691
"../../../Engine/Plugins/FX/Niagara/Content/Modules/Spawn/Initialization/V2/InitializeParticle.uasset" 692
"../../../Engine/Plugins/FX/Niagara/Content/Modules/Spawn/Initialization/V2/InitializeParticle.uexp" 693
"../../../Engine/Plugins/FX/Niagara/Content/Modules/Solvers/SolveForcesAndVelocity.uasset" 694
"../../../Engine/Plugins/FX/Niagara/Content/Modules/Solvers/SolveForcesAndVelocity.uexp" 695
"../../../Engine/Plugins/FX/Niagara/Content/Modules/Emitter/SpawnBurst_Instantaneous.uasset" 696
"../../../Engine/Plugins/FX/Niagara/Content/Modules/Emitter/SpawnBurst_Instantaneous.uexp" 697
"../../../Engine/Plugins/FX/Niagara/Content/Enums/ENiagaraExecutionStateManagement.uasset" 698
"../../../Engine/Plugins/FX/Niagara/Content/Enums/ENiagaraExecutionStateManagement.uexp" 699
"../../../Engine/Plugins/FX/Niagara/Content/Functions/Emitter/EmitterChangeState.uasset" 700
"../../../Engine/Plugins/FX/Niagara/Content/Functions/Emitter/EmitterChangeState.uexp" 701
"../../../Engine/Plugins/FX/Niagara/Content/Modules/Emitter/EmitterState.uasset" 702
"../../../Engine/Plugins/FX/Niagara/Content/Modules/Emitter/EmitterState.uexp" 703
"../../../Engine/Plugins/FX/Niagara/Content/DynamicInputs/ValueFromCurve/FloatFromCurve.uasset" 704
"../../../Engine/Plugins/FX/Niagara/Content/DynamicInputs/ValueFromCurve/FloatFromCurve.uexp" 705
"../../../Engine/Plugins/FX/Niagara/Content/DynamicInputs/UniformRange/V2/RandomRangeFloat.uasset" 706
"../../../Engine/Plugins/FX/Niagara/Content/DynamicInputs/UniformRange/V2/RandomRangeFloat.uexp" 707
"../../../Engine/Plugins/FX/Niagara/Content/DefaultAssets/DefaultSpriteMaterial.uasset" 708
"../../../Engine/Plugins/FX/Niagara/Content/DefaultAssets/DefaultSpriteMaterial.uexp" 709
"D:/GitHub/MNEMONIC/MNEMONIC_Project/Content/VFX/DashFX.uasset" 710
"D:/GitHub/MNEMONIC/MNEMONIC_Project/Content/VFX/DashFX.uexp" 711
"D:/GitHub/MNEMONIC/MNEMONIC_Project/Content/Animations/Player/Misc/PlayerAttack_Animation.uasset" 712
"D:/GitHub/MNEMONIC/MNEMONIC_Project/Content/Animations/Player/Misc/PlayerAttack_Animation.uexp" 713
"D:/GitHub/MNEMONIC/MNEMONIC_Project/Content/FirstPerson/Animations/AttackNotify.uasset" 714
"D:/GitHub/MNEMONIC/MNEMONIC_Project/Content/FirstPerson/Animations/AttackNotify.uexp" 715
"D:/GitHub/MNEMONIC/MNEMONIC_Project/Content/Animations/Player/Misc/PlayerAttack_Animation_Montage.uasset" 716
"D:/GitHub/MNEMONIC/MNEMONIC_Project/Content/Animations/Player/Misc/PlayerAttack_Animation_Montage.uexp" 717
"D:/GitHub/MNEMONIC/MNEMONIC_Project/Content/Weapons/DaggerV1/daggerV1_daggermain.uasset" 718
"D:/GitHub/MNEMONIC/MNEMONIC_Project/Content/Weapons/DaggerV1/daggerV1_daggermain.uexp" 719
"D:/GitHub/MNEMONIC/MNEMONIC_Project/Content/Materials/M_Wall.uasset" 720
"D:/GitHub/MNEMONIC/MNEMONIC_Project/Content/Materials/M_Wall.uexp" 721
"D:/GitHub/MNEMONIC/MNEMONIC_Project/Content/Materials/M_Wall_White_Inst.uasset" 722
"D:/GitHub/MNEMONIC/MNEMONIC_Project/Content/Materials/M_Wall_White_Inst.uexp" 723
"D:/GitHub/MNEMONIC/MNEMONIC_Project/Content/Weapons/TestThrowingKnifeBP.uasset" 724
"D:/GitHub/MNEMONIC/MNEMONIC_Project/Content/Weapons/TestThrowingKnifeBP.uexp" 725
"D:/GitHub/MNEMONIC/MNEMONIC_Project/Content/UI/Sprites/Buttons/Pause/PAUSE_MENU_NEUTRALstate_Mnemonic.uasset" 726
"D:/GitHub/MNEMONIC/MNEMONIC_Project/Content/UI/Sprites/Buttons/Pause/PAUSE_MENU_NEUTRALstate_Mnemonic.uexp" 727
"D:/GitHub/MNEMONIC/MNEMONIC_Project/Content/UI/Sprites/Buttons/Pause/PAUSE_MENU_HOVERstate_Mnemonic.uasset" 728
"D:/GitHub/MNEMONIC/MNEMONIC_Project/Content/UI/Sprites/Buttons/Pause/PAUSE_MENU_HOVERstate_Mnemonic.uexp" 729
"D:/GitHub/MNEMONIC/MNEMONIC_Project/Content/UI/Sprites/Buttons/Pause/PAUSE_MENU_ACTIVEstate_Mnemonic.uasset" 730
"D:/GitHub/MNEMONIC/MNEMONIC_Project/Content/UI/Sprites/Buttons/Pause/PAUSE_MENU_ACTIVEstate_Mnemonic.uexp" 731
"D:/GitHub/MNEMONIC/MNEMONIC_Project/Content/UI/RajdhaniFont/Rajdhani-Medium.uasset" 732
"D:/GitHub/MNEMONIC/MNEMONIC_Project/Content/UI/RajdhaniFont/Rajdhani-Medium.uexp" 733
"D:/GitHub/MNEMONIC/MNEMONIC_Project/Content/UI/RajdhaniFont/Rajdhani-Medium.ufont" 734
"D:/GitHub/MNEMONIC/MNEMONIC_Project/Content/UI/RajdhaniFont/Rajdhani-Medium_Font.uasset" 735
"D:/GitHub/MNEMONIC/MNEMONIC_Project/Content/UI/RajdhaniFont/Rajdhani-Medium_Font.uexp" 736
"D:/GitHub/MNEMONIC/MNEMONIC_Project/Content/UI/UI_PauseMenu.uasset" 737
"D:/GitHub/MNEMONIC/MNEMONIC_Project/Content/UI/UI_PauseMenu.uexp" 738
"D:/GitHub/MNEMONIC/MNEMONIC_Project/Content/FirstPerson/Character/Mesh/SK_Mannequin_Arms_Skeleton.uasset" 739
"D:/GitHub/MNEMONIC/MNEMONIC_Project/Content/FirstPerson/Character/Mesh/SK_Mannequin_Arms_Skeleton.uexp" 740
"D:/GitHub/MNEMONIC/MNEMONIC_Project/Content/FirstPerson/Animations/FirstPerson_Fire.uasset" 741
"D:/GitHub/MNEMONIC/MNEMONIC_Project/Content/FirstPerson/Animations/FirstPerson_Fire.uexp" 742
"D:/GitHub/MNEMONIC/MNEMONIC_Project/Content/FirstPerson/Animations/FirstPersonFire_Montage.uasset" 743
"D:/GitHub/MNEMONIC/MNEMONIC_Project/Content/FirstPerson/Animations/FirstPersonFire_Montage.uexp" 744
"D:/GitHub/MNEMONIC/MNEMONIC_Project/Content/Blueprints/States/BP_PlayerWRVertically.uasset" 745
"D:/GitHub/MNEMONIC/MNEMONIC_Project/Content/Blueprints/States/BP_PlayerWRVertically.uexp" 746
"D:/GitHub/MNEMONIC/MNEMONIC_Project/Content/Blueprints/States/BP_PlayerWRHorizontallyRight.uasset" 747
"D:/GitHub/MNEMONIC/MNEMONIC_Project/Content/Blueprints/States/BP_PlayerWRHorizontallyRight.uexp" 748
"D:/GitHub/MNEMONIC/MNEMONIC_Project/Content/Blueprints/States/BP_PlayerWRHorizontallyLeft.uasset" 749
"D:/GitHub/MNEMONIC/MNEMONIC_Project/Content/Blueprints/States/BP_PlayerWRHorizontallyLeft.uexp" 750
"D:/GitHub/MNEMONIC/MNEMONIC_Project/Content/Blueprints/States/BP_PlayerSlidingState.uasset" 751
"D:/GitHub/MNEMONIC/MNEMONIC_Project/Content/Blueprints/States/BP_PlayerSlidingState.uexp" 752
"D:/GitHub/MNEMONIC/MNEMONIC_Project/Content/Blueprints/States/BP_PlayerRunningState.uasset" 753
"D:/GitHub/MNEMONIC/MNEMONIC_Project/Content/Blueprints/States/BP_PlayerRunningState.uexp" 754
"D:/GitHub/MNEMONIC/MNEMONIC_Project/Content/Blueprints/States/BP_PlayerInAirState.uasset" 755
"D:/GitHub/MNEMONIC/MNEMONIC_Project/Content/Blueprints/States/BP_PlayerInAirState.uexp" 756
"D:/GitHub/MNEMONIC/MNEMONIC_Project/Content/Blueprints/States/BP_PlayerIdleState.uasset" 757
"D:/GitHub/MNEMONIC/MNEMONIC_Project/Content/Blueprints/States/BP_PlayerIdleState.uexp" 758
"D:/GitHub/MNEMONIC/MNEMONIC_Project/Content/Blueprints/GI_Player.uasset" 759
"D:/GitHub/MNEMONIC/MNEMONIC_Project/Content/Blueprints/GI_Player.uexp" 760
"D:/GitHub/MNEMONIC/MNEMONIC_Project/Content/FirstPerson/Meshes/BaseMaterial.uasset" 761
"D:/GitHub/MNEMONIC/MNEMONIC_Project/Content/FirstPerson/Meshes/BaseMaterial.uexp" 762
"D:/GitHub/MNEMONIC/MNEMONIC_Project/Content/FirstPerson/Meshes/FirstPersonProjectileMaterial.uasset" 763
"D:/GitHub/MNEMONIC/MNEMONIC_Project/Content/FirstPerson/Meshes/FirstPersonProjectileMaterial.uexp" 764
"D:/GitHub/MNEMONIC/MNEMONIC_Project/Content/FirstPerson/Meshes/FirstPersonProjectileMesh.uasset" 765
"D:/GitHub/MNEMONIC/MNEMONIC_Project/Content/FirstPerson/Meshes/FirstPersonProjectileMesh.uexp" 766
"D:/GitHub/MNEMONIC/MNEMONIC_Project/Content/Blueprints/FirstPersonProjectile.uasset" 767
"D:/GitHub/MNEMONIC/MNEMONIC_Project/Content/Blueprints/FirstPersonProjectile.uexp" 768
"D:/GitHub/MNEMONIC/MNEMONIC_Project/Content/Audio/SFXSoundClass.uasset" 769
"D:/GitHub/MNEMONIC/MNEMONIC_Project/Content/Audio/SFXSoundClass.uexp" 770
"D:/GitHub/MNEMONIC/MNEMONIC_Project/Content/FirstPerson/Audio/FirstPersonTemplateWeaponFire02.uasset" 771
"D:/GitHub/MNEMONIC/MNEMONIC_Project/Content/FirstPerson/Audio/FirstPersonTemplateWeaponFire02.uexp" 772
"D:/GitHub/MNEMONIC/MNEMONIC_Project/Content/Blueprints/FirstPersonCharacter.uasset" 773
"D:/GitHub/MNEMONIC/MNEMONIC_Project/Content/Blueprints/FirstPersonCharacter.uexp" 774
"D:/GitHub/MNEMONIC/MNEMONIC_Project/Content/Blueprints/PickUps/UI_PickupWindow.uasset" 775
"D:/GitHub/MNEMONIC/MNEMONIC_Project/Content/Blueprints/PickUps/UI_PickupWindow.uexp" 776
"D:/GitHub/MNEMONIC/MNEMONIC_Project/Content/Blueprints/PickUps/ItemRarity.uasset" 777
"D:/GitHub/MNEMONIC/MNEMONIC_Project/Content/Blueprints/PickUps/ItemRarity.uexp" 778
"D:/GitHub/MNEMONIC/MNEMONIC_Project/Content/Blueprints/PickUps/ItemStructure.uasset" 779
"D:/GitHub/MNEMONIC/MNEMONIC_Project/Content/Blueprints/PickUps/ItemStructure.uexp" 780
"D:/GitHub/MNEMONIC/MNEMONIC_Project/Content/Blueprints/PickUps/BP_BasePickUp.uasset" 781
"D:/GitHub/MNEMONIC/MNEMONIC_Project/Content/Blueprints/PickUps/BP_BasePickUp.uexp" 782
"D:/GitHub/MNEMONIC/MNEMONIC_Project/Content/Animations/Gate/Gate_Skeleton.uasset" 783
"D:/GitHub/MNEMONIC/MNEMONIC_Project/Content/Animations/Gate/Gate_Skeleton.uexp" 784
"D:/GitHub/MNEMONIC/MNEMONIC_Project/Content/Animations/Gate/Gate_Opening_Anim.uasset" 785
"D:/GitHub/MNEMONIC/MNEMONIC_Project/Content/Animations/Gate/Gate_Opening_Anim.uexp" 786
"D:/GitHub/MNEMONIC/MNEMONIC_Project/Content/Animations/Gate/Gate_Deactived_Idle_Anim.uasset" 787
"D:/GitHub/MNEMONIC/MNEMONIC_Project/Content/Animations/Gate/Gate_Deactived_Idle_Anim.uexp" 788
"D:/GitHub/MNEMONIC/MNEMONIC_Project/Content/Animations/Gate/Gate_Open_Idle_Anim.uasset" 789
"D:/GitHub/MNEMONIC/MNEMONIC_Project/Content/Animations/Gate/Gate_Open_Idle_Anim.uexp" 790
"D:/GitHub/MNEMONIC/MNEMONIC_Project/Content/Animations/Gate/GateAnimBlueprint.uasset" 791
"D:/GitHub/MNEMONIC/MNEMONIC_Project/Content/Animations/Gate/GateAnimBlueprint.uexp" 792
"D:/GitHub/MNEMONIC/MNEMONIC_Project/Content/UI/Sprites/Gate/GateUI_Dive_Pressed.uasset" 793
"D:/GitHub/MNEMONIC/MNEMONIC_Project/Content/UI/Sprites/Gate/GateUI_Dive_Pressed.uexp" 794
"D:/GitHub/MNEMONIC/MNEMONIC_Project/Content/UI/Sprites/Gate/GateUI_Dive_Inactive.uasset" 795
"D:/GitHub/MNEMONIC/MNEMONIC_Project/Content/UI/Sprites/Gate/GateUI_Dive_Inactive.uexp" 796
"D:/GitHub/MNEMONIC/MNEMONIC_Project/Content/UI/Sprites/Gate/GateUI_Dive_active.uasset" 797
"D:/GitHub/MNEMONIC/MNEMONIC_Project/Content/UI/Sprites/Gate/GateUI_Dive_active.uexp" 798
"D:/GitHub/MNEMONIC/MNEMONIC_Project/Content/UI/Sprites/titlescreen_Background.uasset" 799
"D:/GitHub/MNEMONIC/MNEMONIC_Project/Content/UI/Sprites/titlescreen_Background.uexp" 800
"D:/GitHub/MNEMONIC/MNEMONIC_Project/Content/Blueprints/Gate/Cards/Wd_Card.uasset" 801
"D:/GitHub/MNEMONIC/MNEMONIC_Project/Content/Blueprints/Gate/Cards/Wd_Card.uexp" 802
"D:/GitHub/MNEMONIC/MNEMONIC_Project/Content/Blueprints/Gate/locked.uasset" 803
"D:/GitHub/MNEMONIC/MNEMONIC_Project/Content/Blueprints/Gate/locked.uexp" 804
"D:/GitHub/MNEMONIC/MNEMONIC_Project/Content/Blueprints/Gate/locked.ubulk" 805
"D:/GitHub/MNEMONIC/MNEMONIC_Project/Content/Blueprints/Gate/Cards/Struct_Card.uasset" 806
"D:/GitHub/MNEMONIC/MNEMONIC_Project/Content/Blueprints/Gate/Cards/Struct_Card.uexp" 807
"D:/GitHub/MNEMONIC/MNEMONIC_Project/Content/Blueprints/Gate/Wd_Gate.uasset" 808
"D:/GitHub/MNEMONIC/MNEMONIC_Project/Content/Blueprints/Gate/Wd_Gate.uexp" 809
"D:/GitHub/MNEMONIC/MNEMONIC_Project/Content/Blueprints/Gate/Mat_Gate.uasset" 810
"D:/GitHub/MNEMONIC/MNEMONIC_Project/Content/Blueprints/Gate/Mat_Gate.uexp" 811
"D:/GitHub/MNEMONIC/MNEMONIC_Project/Content/UI/Sprites/Icons/Mnemonic_icons_SpeedDown_Redsphere.uasset" 812
"D:/GitHub/MNEMONIC/MNEMONIC_Project/Content/UI/Sprites/Icons/Mnemonic_icons_SpeedDown_Redsphere.uexp" 813
"D:/GitHub/MNEMONIC/MNEMONIC_Project/Content/Models/TestEnemy/Ch36_1001_Diffuse.uasset" 814
"D:/GitHub/MNEMONIC/MNEMONIC_Project/Content/Models/TestEnemy/Ch36_1001_Diffuse.uexp" 815
"D:/GitHub/MNEMONIC/MNEMONIC_Project/Content/Models/TestEnemy/Ch36_1001_Diffuse.ubulk" 816
"D:/GitHub/MNEMONIC/MNEMONIC_Project/Content/Blueprints/Gate/Cards/DA_CardBase.uasset" 817
"D:/GitHub/MNEMONIC/MNEMONIC_Project/Content/Blueprints/Gate/Cards/DA_CardBase.uexp" 818
"D:/GitHub/MNEMONIC/MNEMONIC_Project/Content/Blueprints/Gate/Cards/Debuffs/Card_SpeedDebuff.uasset" 819
"D:/GitHub/MNEMONIC/MNEMONIC_Project/Content/Blueprints/Gate/Cards/Debuffs/Card_SpeedDebuff.uexp" 820
"D:/GitHub/MNEMONIC/MNEMONIC_Project/Content/Blueprints/Gate/Cards/Debuffs/Card_HealthDebuff.uasset" 821
"D:/GitHub/MNEMONIC/MNEMONIC_Project/Content/Blueprints/Gate/Cards/Debuffs/Card_HealthDebuff.uexp" 822
"D:/GitHub/MNEMONIC/MNEMONIC_Project/Content/UI/Sprites/Icons/Mnemonic_icons_AttackDownRed.uasset" 823
"D:/GitHub/MNEMONIC/MNEMONIC_Project/Content/UI/Sprites/Icons/Mnemonic_icons_AttackDownRed.uexp" 824
"D:/GitHub/MNEMONIC/MNEMONIC_Project/Content/Blueprints/Gate/Cards/Debuffs/Card_AttackDebuff.uasset" 825
"D:/GitHub/MNEMONIC/MNEMONIC_Project/Content/Blueprints/Gate/Cards/Debuffs/Card_AttackDebuff.uexp" 826
"D:/GitHub/MNEMONIC/MNEMONIC_Project/Content/Blueprints/Gate/BP_Gate.uasset" 827
"D:/GitHub/MNEMONIC/MNEMONIC_Project/Content/Blueprints/Gate/BP_Gate.uexp" 828
"../../../Engine/Content/MapTemplates/Materials/BasicAsset03.uasset" 829
"../../../Engine/Content/MapTemplates/Materials/BasicAsset03.uexp" 830
"D:/GitHub/MNEMONIC/MNEMONIC_Project/Content/Blueprints/ClimbableWall.uasset" 831
"D:/GitHub/MNEMONIC/MNEMONIC_Project/Content/Blueprints/ClimbableWall.uexp" 832
"../../../Engine/Content/EngineSky/SM_SkySphere.uasset" 833
"../../../Engine/Content/EngineSky/SM_SkySphere.uexp" 834
"../../../Engine/Content/EngineSky/C_Sky_Zenith_Color.uasset" 835
"../../../Engine/Content/EngineSky/C_Sky_Zenith_Color.uexp" 836
"../../../Engine/Content/EngineSky/C_Sky_Horizon_Color.uasset" 837
"../../../Engine/Content/EngineSky/C_Sky_Horizon_Color.uexp" 838
"../../../Engine/Content/EngineSky/C_Sky_Cloud_Color.uasset" 839
"../../../Engine/Content/EngineSky/C_Sky_Cloud_Color.uexp" 840
"../../../Engine/Content/EngineSky/BP_Sky_Sphere.uasset" 841
"../../../Engine/Content/EngineSky/BP_Sky_Sphere.uexp" 842
"D:/GitHub/MNEMONIC/MNEMONIC_Project/Content/Animations/Chaser/Chaser_Idle_PhysicsAsset.uasset" 843
"D:/GitHub/MNEMONIC/MNEMONIC_Project/Content/Animations/Chaser/Chaser_Idle_PhysicsAsset.uexp" 844
"D:/GitHub/MNEMONIC/MNEMONIC_Project/Content/Animations/Chaser/Chaser_Skeleton.uasset" 845
"D:/GitHub/MNEMONIC/MNEMONIC_Project/Content/Animations/Chaser/Chaser_Skeleton.uexp" 846
"D:/GitHub/MNEMONIC/MNEMONIC_Project/Content/Animations/Chaser/Chaser_Idle.uasset" 847
"D:/GitHub/MNEMONIC/MNEMONIC_Project/Content/Animations/Chaser/Chaser_Idle.uexp" 848
"D:/GitHub/MNEMONIC/MNEMONIC_Project/Content/Animations/Chaser/Chaser_Idle_Anim.uasset" 849
"D:/GitHub/MNEMONIC/MNEMONIC_Project/Content/Animations/Chaser/Chaser_Idle_Anim.uexp" 850
"D:/GitHub/MNEMONIC/MNEMONIC_Project/Content/Animations/Chaser/Chaser_HitFront_Anim.uasset" 851
"D:/GitHub/MNEMONIC/MNEMONIC_Project/Content/Animations/Chaser/Chaser_HitFront_Anim.uexp" 852
"D:/GitHub/MNEMONIC/MNEMONIC_Project/Content/Blueprints/Enemy/AttackNotify_Enemy.uasset" 853
"D:/GitHub/MNEMONIC/MNEMONIC_Project/Content/Blueprints/Enemy/AttackNotify_Enemy.uexp" 854
"D:/GitHub/MNEMONIC/MNEMONIC_Project/Content/Animations/Chaser/Chaser_AttackTest_Anim.uasset" 855
"D:/GitHub/MNEMONIC/MNEMONIC_Project/Content/Animations/Chaser/Chaser_AttackTest_Anim.uexp" 856
"D:/GitHub/MNEMONIC/MNEMONIC_Project/Content/Animations/Chaser/ChaserAnimBlueprint.uasset" 857
"D:/GitHub/MNEMONIC/MNEMONIC_Project/Content/Animations/Chaser/ChaserAnimBlueprint.uexp" 858
"../../../Engine/Content/EngineMaterials/Widget3DPassThrough_Masked_OneSided.uasset" 859
"../../../Engine/Content/EngineMaterials/Widget3DPassThrough_Masked_OneSided.uexp" 860
"D:/GitHub/MNEMONIC/MNEMONIC_Project/Content/Models/TestEnemy/Test_Enemy_Model_Skeleton.uasset" 861
"D:/GitHub/MNEMONIC/MNEMONIC_Project/Content/Models/TestEnemy/Test_Enemy_Model_Skeleton.uexp" 862
"D:/GitHub/MNEMONIC/MNEMONIC_Project/Content/Models/TestEnemy/Idle_1__mixamo_com.uasset" 863
"D:/GitHub/MNEMONIC/MNEMONIC_Project/Content/Models/TestEnemy/Idle_1__mixamo_com.uexp" 864
"D:/GitHub/MNEMONIC/MNEMONIC_Project/Content/Models/TestEnemy/Head_Hit_mixamo_com.uasset" 865
"D:/GitHub/MNEMONIC/MNEMONIC_Project/Content/Models/TestEnemy/Head_Hit_mixamo_com.uexp" 866
"D:/GitHub/MNEMONIC/MNEMONIC_Project/Content/Models/TestEnemy/TestEnemyAnimBP.uasset" 867
"D:/GitHub/MNEMONIC/MNEMONIC_Project/Content/Models/TestEnemy/TestEnemyAnimBP.uexp" 868
"D:/GitHub/MNEMONIC/MNEMONIC_Project/Content/Blueprints/Widgets/WBP_EnemyHealthBar.uasset" 869
"D:/GitHub/MNEMONIC/MNEMONIC_Project/Content/Blueprints/Widgets/WBP_EnemyHealthBar.uexp" 870
"D:/GitHub/MNEMONIC/MNEMONIC_Project/Content/Blueprints/Enemy/BTTask_SetWalkSpeed.uasset" 871
"D:/GitHub/MNEMONIC/MNEMONIC_Project/Content/Blueprints/Enemy/BTTask_SetWalkSpeed.uexp" 872
"D:/GitHub/MNEMONIC/MNEMONIC_Project/Content/Blueprints/Enemy/BTTask_FindPatrolPoint.uasset" 873
"D:/GitHub/MNEMONIC/MNEMONIC_Project/Content/Blueprints/Enemy/BTTask_FindPatrolPoint.uexp" 874
"D:/GitHub/MNEMONIC/MNEMONIC_Project/Content/Blueprints/Enemy/BTTask_Chaser_Attack.uasset" 875
"D:/GitHub/MNEMONIC/MNEMONIC_Project/Content/Blueprints/Enemy/BTTask_Chaser_Attack.uexp" 876
"D:/GitHub/MNEMONIC/MNEMONIC_Project/Content/Blueprints/Enemy/BB_Grunt.uasset" 877
"D:/GitHub/MNEMONIC/MNEMONIC_Project/Content/Blueprints/Enemy/BB_Grunt.uexp" 878
"D:/GitHub/MNEMONIC/MNEMONIC_Project/Content/Blueprints/Enemy/BT_Grunt.uasset" 879
"D:/GitHub/MNEMONIC/MNEMONIC_Project/Content/Blueprints/Enemy/BT_Grunt.uexp" 880
"D:/GitHub/MNEMONIC/MNEMONIC_Project/Content/Blueprints/Enemy/Grunt_Controller.uasset" 881
"D:/GitHub/MNEMONIC/MNEMONIC_Project/Content/Blueprints/Enemy/Grunt_Controller.uexp" 882
"D:/GitHub/MNEMONIC/MNEMONIC_Project/Content/Blueprints/Enemy/TestEnemyBP.uasset" 883
"D:/GitHub/MNEMONIC/MNEMONIC_Project/Content/Blueprints/Enemy/TestEnemyBP.uexp" 884
"D:/GitHub/MNEMONIC/MNEMONIC_Project/Content/Maps/JungleGymv1.uexp" 885
"D:/GitHub/MNEMONIC/MNEMONIC_Project/Content/Maps/JungleGymv1.umap" 886
"D:/GitHub/MNEMONIC/MNEMONIC_Project/Content/Movies/NewMediaPlayer.uasset" 887
"D:/GitHub/MNEMONIC/MNEMONIC_Project/Content/Movies/NewMediaPlayer.uexp" 888
"D:/GitHub/MNEMONIC/MNEMONIC_Project/Content/Blueprints/BP_MovieTest.uasset" 889
"D:/GitHub/MNEMONIC/MNEMONIC_Project/Content/Blueprints/BP_MovieTest.uexp" 890
"D:/GitHub/MNEMONIC/MNEMONIC_Project/Content/UI/Sprites/SleptInGamesLogo.uasset" 891
"D:/GitHub/MNEMONIC/MNEMONIC_Project/Content/UI/Sprites/SleptInGamesLogo.uexp" 892
"D:/GitHub/MNEMONIC/MNEMONIC_Project/Content/Movies/NewMediaPlayer_Video.uasset" 893
"D:/GitHub/MNEMONIC/MNEMONIC_Project/Content/Movies/NewMediaPlayer_Video.uexp" 894
"D:/GitHub/MNEMONIC/MNEMONIC_Project/Content/Movies/NewMediaPlayer_Video_Mat.uasset" 895
"D:/GitHub/MNEMONIC/MNEMONIC_Project/Content/Movies/NewMediaPlayer_Video_Mat.uexp" 896
"D:/GitHub/MNEMONIC/MNEMONIC_Project/Content/Movies/MNEMONIC_IntroCutscene_Rough.uasset" 897
"D:/GitHub/MNEMONIC/MNEMONIC_Project/Content/Movies/MNEMONIC_IntroCutscene_Rough.uexp" 898
"D:/GitHub/MNEMONIC/MNEMONIC_Project/Content/UI/UI_SplashScreen.uasset" 899
"D:/GitHub/MNEMONIC/MNEMONIC_Project/Content/UI/UI_SplashScreen.uexp" 900
"D:/GitHub/MNEMONIC/MNEMONIC_Project/Content/Levels/SplashScreenLevel.uexp" 901
"D:/GitHub/MNEMONIC/MNEMONIC_Project/Content/Levels/SplashScreenLevel.umap" 902
"D:/GitHub/MNEMONIC/MNEMONIC_Project/Content/Audio/TutorialDialogue/MnemonicVO4_Slide.uasset" 903
"D:/GitHub/MNEMONIC/MNEMONIC_Project/Content/Audio/TutorialDialogue/MnemonicVO4_Slide.uexp" 904
"D:/GitHub/MNEMONIC/MNEMONIC_Project/Content/Blueprints/PickUps/BP_HealthPickUp.uasset" 905
"D:/GitHub/MNEMONIC/MNEMONIC_Project/Content/Blueprints/PickUps/BP_HealthPickUp.uexp" 906
"D:/GitHub/MNEMONIC/MNEMONIC_Project/Content/Materials/M_Hazard.uasset" 907
"D:/GitHub/MNEMONIC/MNEMONIC_Project/Content/Materials/M_Hazard.uexp" 908
"D:/GitHub/MNEMONIC/MNEMONIC_Project/Content/Blueprints/Hazards/BP_Hazard_Spike.uasset" 909
"D:/GitHub/MNEMONIC/MNEMONIC_Project/Content/Blueprints/Hazards/BP_Hazard_Spike.uexp" 910
"D:/GitHub/MNEMONIC/MNEMONIC_Project/Content/Blueprints/Hazards/BP_Hazard_DeathPlane.uasset" 911
"D:/GitHub/MNEMONIC/MNEMONIC_Project/Content/Blueprints/Hazards/BP_Hazard_DeathPlane.uexp" 912
"D:/GitHub/MNEMONIC/MNEMONIC_Project/Content/Blueprints/BP_NarrativeTrigger.uasset" 913
"D:/GitHub/MNEMONIC/MNEMONIC_Project/Content/Blueprints/BP_NarrativeTrigger.uexp" 914
"D:/GitHub/MNEMONIC/MNEMONIC_Project/Content/Blueprints/BP_AltarBarrier.uasset" 915
"D:/GitHub/MNEMONIC/MNEMONIC_Project/Content/Blueprints/BP_AltarBarrier.uexp" 916
"D:/GitHub/MNEMONIC/MNEMONIC_Project/Content/Animations/Altar/Altar_Deactivated_Idle_PhysicsAsset.uasset" 917
"D:/GitHub/MNEMONIC/MNEMONIC_Project/Content/Animations/Altar/Altar_Deactivated_Idle_PhysicsAsset.uexp" 918
"D:/GitHub/MNEMONIC/MNEMONIC_Project/Content/Animations/Altar/lambert1.uasset" 919
"D:/GitHub/MNEMONIC/MNEMONIC_Project/Content/Animations/Altar/lambert1.uexp" 920
"D:/GitHub/MNEMONIC/MNEMONIC_Project/Content/Animations/Altar/Altar_Skeleton.uasset" 921
"D:/GitHub/MNEMONIC/MNEMONIC_Project/Content/Animations/Altar/Altar_Skeleton.uexp" 922
"D:/GitHub/MNEMONIC/MNEMONIC_Project/Content/Animations/Altar/Altar_Deactivated_Idle.uasset" 923
"D:/GitHub/MNEMONIC/MNEMONIC_Project/Content/Animations/Altar/Altar_Deactivated_Idle.uexp" 924
"D:/GitHub/MNEMONIC/MNEMONIC_Project/Content/Animations/Altar/Altar_Opening_Idle_Anim.uasset" 925
"D:/GitHub/MNEMONIC/MNEMONIC_Project/Content/Animations/Altar/Altar_Opening_Idle_Anim.uexp" 926
"D:/GitHub/MNEMONIC/MNEMONIC_Project/Content/Animations/Altar/Altar_Opening_Anim.uasset" 927
"D:/GitHub/MNEMONIC/MNEMONIC_Project/Content/Animations/Altar/Altar_Opening_Anim.uexp" 928
"D:/GitHub/MNEMONIC/MNEMONIC_Project/Content/Animations/Altar/Altar_Deactivated_Idle_Anim.uasset" 929
"D:/GitHub/MNEMONIC/MNEMONIC_Project/Content/Animations/Altar/Altar_Deactivated_Idle_Anim.uexp" 930
"D:/GitHub/MNEMONIC/MNEMONIC_Project/Content/Animations/Altar/AltarAnimBlueprint.uasset" 931
"D:/GitHub/MNEMONIC/MNEMONIC_Project/Content/Animations/Altar/AltarAnimBlueprint.uexp" 932
"D:/GitHub/MNEMONIC/MNEMONIC_Project/Content/Blueprints/States/BP_CustomPlayerController.uasset" 933
"D:/GitHub/MNEMONIC/MNEMONIC_Project/Content/Blueprints/States/BP_CustomPlayerController.uexp" 934
"D:/GitHub/MNEMONIC/MNEMONIC_Project/Content/Maps/CustomGameMode.uasset" 935
"D:/GitHub/MNEMONIC/MNEMONIC_Project/Content/Maps/CustomGameMode.uexp" 936
"D:/GitHub/MNEMONIC/MNEMONIC_Project/Content/Blueprints/BP_Altar.uasset" 937
"D:/GitHub/MNEMONIC/MNEMONIC_Project/Content/Blueprints/BP_Altar.uexp" 938
"D:/GitHub/MNEMONIC/MNEMONIC_Project/Content/Animations/ChestV2/Chest_Skeleton.uasset" 939
"D:/GitHub/MNEMONIC/MNEMONIC_Project/Content/Animations/ChestV2/Chest_Skeleton.uexp" 940
"D:/GitHub/MNEMONIC/MNEMONIC_Project/Content/Animations/ChestV2/ChestOpening_Anim.uasset" 941
"D:/GitHub/MNEMONIC/MNEMONIC_Project/Content/Animations/ChestV2/ChestOpening_Anim.uexp" 942
"D:/GitHub/MNEMONIC/MNEMONIC_Project/Content/Animations/ChestV2/ChestOpening_PhysicsAsset.uasset" 943
"D:/GitHub/MNEMONIC/MNEMONIC_Project/Content/Animations/ChestV2/ChestOpening_PhysicsAsset.uexp" 944
"D:/GitHub/MNEMONIC/MNEMONIC_Project/Content/Animations/ChestV2/lambert1.uasset" 945
"D:/GitHub/MNEMONIC/MNEMONIC_Project/Content/Animations/ChestV2/lambert1.uexp" 946
"D:/GitHub/MNEMONIC/MNEMONIC_Project/Content/Animations/ChestV2/ChestOpening.uasset" 947
"D:/GitHub/MNEMONIC/MNEMONIC_Project/Content/Animations/ChestV2/ChestOpening.uexp" 948
"D:/GitHub/MNEMONIC/MNEMONIC_Project/Content/Blueprints/Chest/BP_Chest.uasset" 949
"D:/GitHub/MNEMONIC/MNEMONIC_Project/Content/Blueprints/Chest/BP_Chest.uexp" 950
"D:/GitHub/MNEMONIC/MNEMONIC_Project/Content/Models/MidGate/S_MidGate_01.uasset" 951
"D:/GitHub/MNEMONIC/MNEMONIC_Project/Content/Models/MidGate/S_MidGate_01.uexp" 952
"D:/GitHub/MNEMONIC/MNEMONIC_Project/Content/Models/LadderWall/S_LadderWall_Outset_01.uasset" 953
"D:/GitHub/MNEMONIC/MNEMONIC_Project/Content/Models/LadderWall/S_LadderWall_Outset_01.uexp" 954
"D:/GitHub/MNEMONIC/MNEMONIC_Project/Content/Models/hive_v1.uasset" 955
"D:/GitHub/MNEMONIC/MNEMONIC_Project/Content/Models/hive_v1.uexp" 956
"D:/GitHub/MNEMONIC/MNEMONIC_Project/Content/Models/Crystals/CrystalClusters/S_Crystal-Cluster_03.uasset" 957
"D:/GitHub/MNEMONIC/MNEMONIC_Project/Content/Models/Crystals/CrystalClusters/S_Crystal-Cluster_03.uexp" 958
"D:/GitHub/MNEMONIC/MNEMONIC_Project/Content/Models/Crystals/CrystalClusters/S_Crystal-Cluster_02.uasset" 959
"D:/GitHub/MNEMONIC/MNEMONIC_Project/Content/Models/Crystals/CrystalClusters/S_Crystal-Cluster_02.uexp" 960
"D:/GitHub/MNEMONIC/MNEMONIC_Project/Content/Models/Crystals/CrystalClusters/S_Crystal-Cluster_01.uasset" 961
"D:/GitHub/MNEMONIC/MNEMONIC_Project/Content/Models/Crystals/CrystalClusters/S_Crystal-Cluster_01.uexp" 962
"D:/GitHub/MNEMONIC/MNEMONIC_Project/Content/Models/BuildingSet1/Shapes/brace2.uasset" 963
"D:/GitHub/MNEMONIC/MNEMONIC_Project/Content/Models/BuildingSet1/Shapes/brace2.uexp" 964
"D:/GitHub/MNEMONIC/MNEMONIC_Project/Content/Models/BuildingSet1/Shapes/brace1.uasset" 965
"D:/GitHub/MNEMONIC/MNEMONIC_Project/Content/Models/BuildingSet1/Shapes/brace1.uexp" 966
"D:/GitHub/MNEMONIC/MNEMONIC_Project/Content/Models/BuildingSet1/Pillars/column3.uasset" 967
"D:/GitHub/MNEMONIC/MNEMONIC_Project/Content/Models/BuildingSet1/Pillars/column3.uexp" 968
"D:/GitHub/MNEMONIC/MNEMONIC_Project/Content/Models/BuildingSet1/Arches/arch_small_quater.uasset" 969
"D:/GitHub/MNEMONIC/MNEMONIC_Project/Content/Models/BuildingSet1/Arches/arch_small_quater.uexp" 970
"D:/GitHub/MNEMONIC/MNEMONIC_Project/Content/Models/BuildingSet1/Arches/arch_full.uasset" 971
"D:/GitHub/MNEMONIC/MNEMONIC_Project/Content/Models/BuildingSet1/Arches/arch_full.uexp" 972
"D:/GitHub/MNEMONIC/MNEMONIC_Project/Content/Models/BuildingSet2Fixed/PlateformE_v2.uasset" 973
"D:/GitHub/MNEMONIC/MNEMONIC_Project/Content/Models/BuildingSet2Fixed/PlateformE_v2.uexp" 974
"D:/GitHub/MNEMONIC/MNEMONIC_Project/Content/Models/BuildingSet2Fixed/PlateformC_v2.uasset" 975
"D:/GitHub/MNEMONIC/MNEMONIC_Project/Content/Models/BuildingSet2Fixed/PlateformC_v2.uexp" 976
"D:/GitHub/MNEMONIC/MNEMONIC_Project/Content/Models/BuildingSet2Fixed/PlateformB_v2.uasset" 977
"D:/GitHub/MNEMONIC/MNEMONIC_Project/Content/Models/BuildingSet2Fixed/PlateformB_v2.uexp" 978
"D:/GitHub/MNEMONIC/MNEMONIC_Project/Content/Models/BuildingSet2Fixed/PlateformAFull_v2.uasset" 979
"D:/GitHub/MNEMONIC/MNEMONIC_Project/Content/Models/BuildingSet2Fixed/PlateformAFull_v2.uexp" 980
"D:/GitHub/MNEMONIC/MNEMONIC_Project/Content/Models/BuildingSet1/Arches/arch_quater.uasset" 981
"D:/GitHub/MNEMONIC/MNEMONIC_Project/Content/Models/BuildingSet1/Arches/arch_quater.uexp" 982
"D:/GitHub/MNEMONIC/MNEMONIC_Project/Content/Audio/TutorialDialogue/MnemonicVO6_Dash.uasset" 983
"D:/GitHub/MNEMONIC/MNEMONIC_Project/Content/Audio/TutorialDialogue/MnemonicVO6_Dash.uexp" 984
"D:/GitHub/MNEMONIC/MNEMONIC_Project/Content/Audio/TutorialDialogue/MnemonicVO5_Jump.uasset" 985
"D:/GitHub/MNEMONIC/MNEMONIC_Project/Content/Audio/TutorialDialogue/MnemonicVO5_Jump.uexp" 986
"D:/GitHub/MNEMONIC/MNEMONIC_Project/Content/Audio/TutorialDialogue/MnemonicVO3_Sprint.uasset" 987
"D:/GitHub/MNEMONIC/MNEMONIC_Project/Content/Audio/TutorialDialogue/MnemonicVO3_Sprint.uexp" 988
"D:/GitHub/MNEMONIC/MNEMONIC_Project/Content/Audio/TutorialDialogue/MnemonicVO2_Camera.uasset" 989
"D:/GitHub/MNEMONIC/MNEMONIC_Project/Content/Audio/TutorialDialogue/MnemonicVO2_Camera.uexp" 990
"D:/GitHub/MNEMONIC/MNEMONIC_Project/Content/Audio/TutorialDialogue/MnemonicVO1_Movement.uasset" 991
"D:/GitHub/MNEMONIC/MNEMONIC_Project/Content/Audio/TutorialDialogue/MnemonicVO1_Movement.uexp" 992
"D:/GitHub/MNEMONIC/MNEMONIC_Project/Content/Materials/M_GuideColor.uasset" 993
"D:/GitHub/MNEMONIC/MNEMONIC_Project/Content/Materials/M_GuideColor.uexp" 994
"D:/GitHub/MNEMONIC/MNEMONIC_Project/Content/Materials/M_Gray_Surfaces_Inst.uasset" 995
"D:/GitHub/MNEMONIC/MNEMONIC_Project/Content/Materials/M_Gray_Surfaces_Inst.uexp" 996
"D:/GitHub/MNEMONIC/MNEMONIC_Project/Content/Materials/M_GateGold.uasset" 997
"D:/GitHub/MNEMONIC/MNEMONIC_Project/Content/Materials/M_GateGold.uexp" 998
"../../../Engine/Content/Functions/Engine_MaterialFunctions02/Fresnel_Function.uasset" 999
"../../../Engine/Content/Functions/Engine_MaterialFunctions02/Fresnel_Function.uexp" 1000
"D:/GitHub/MNEMONIC/MNEMONIC_Project/Content/Materials/M_Crystal_Base.uasset" 1001
"D:/GitHub/MNEMONIC/MNEMONIC_Project/Content/Materials/M_Crystal_Base.uexp" 1002
"D:/GitHub/MNEMONIC/MNEMONIC_Project/Content/Materials/M_Barrier.uasset" 1003
"D:/GitHub/MNEMONIC/MNEMONIC_Project/Content/Materials/M_Barrier.uexp" 1004
"D:/GitHub/MNEMONIC/MNEMONIC_Project/Content/Levels/TutorialV4/TutorialLevelV4_BuiltData.uasset" 1005
"D:/GitHub/MNEMONIC/MNEMONIC_Project/Content/Levels/TutorialV4/TutorialLevelV4_BuiltData.uexp" 1006
"D:/GitHub/MNEMONIC/MNEMONIC_Project/Content/Levels/TutorialV4/TutorialLevelV4_BuiltData.ubulk" 1007
"D:/GitHub/MNEMONIC/MNEMONIC_Project/Content/Materials/M_Crystal_Inst.uasset" 1008
"D:/GitHub/MNEMONIC/MNEMONIC_Project/Content/Materials/M_Crystal_Inst.uexp" 1009
"D:/GitHub/MNEMONIC/MNEMONIC_Project/Content/Models/BuildingSet1/Shapes/bridge_ver1_brige_start.uasset" 1010
"D:/GitHub/MNEMONIC/MNEMONIC_Project/Content/Models/BuildingSet1/Shapes/bridge_ver1_brige_start.uexp" 1011
"D:/GitHub/MNEMONIC/MNEMONIC_Project/Content/Blueprints/Level/BP_TutorialArena.uasset" 1012
"D:/GitHub/MNEMONIC/MNEMONIC_Project/Content/Blueprints/Level/BP_TutorialArena.uexp" 1013
"D:/GitHub/MNEMONIC/MNEMONIC_Project/Content/Models/BuildingSet1/Shapes/bridge_ver1_brige_part.uasset" 1014
"D:/GitHub/MNEMONIC/MNEMONIC_Project/Content/Models/BuildingSet1/Shapes/bridge_ver1_brige_part.uexp" 1015
"D:/GitHub/MNEMONIC/MNEMONIC_Project/Content/Levels/TutorialV4/TutorialLevelV4.uexp" 1016
"D:/GitHub/MNEMONIC/MNEMONIC_Project/Content/Levels/TutorialV4/TutorialLevelV4.umap" 1017
"D:/GitHub/MNEMONIC/MNEMONIC_Project/Content/Audio/UISoundClass.uasset" 1018
"D:/GitHub/MNEMONIC/MNEMONIC_Project/Content/Audio/UISoundClass.uexp" 1019
"D:/GitHub/MNEMONIC/MNEMONIC_Project/Content/Audio/MusicSoundClass.uasset" 1020
"D:/GitHub/MNEMONIC/MNEMONIC_Project/Content/Audio/MusicSoundClass.uexp" 1021
"D:/GitHub/MNEMONIC/MNEMONIC_Project/Content/Audio/SoundMixer.uasset" 1022
"D:/GitHub/MNEMONIC/MNEMONIC_Project/Content/Audio/SoundMixer.uexp" 1023
"D:/GitHub/MNEMONIC/MNEMONIC_Project/Content/UI/Sprites/mnemonicLogo.uasset" 1024
"D:/GitHub/MNEMONIC/MNEMONIC_Project/Content/UI/Sprites/mnemonicLogo.uexp" 1025
"D:/GitHub/MNEMONIC/MNEMONIC_Project/Content/UI/Sprites/Buttons/MainMenu/MAINMENU_NEUTRALstate_Buttons_Mnemonic.uasset" 1026
"D:/GitHub/MNEMONIC/MNEMONIC_Project/Content/UI/Sprites/Buttons/MainMenu/MAINMENU_NEUTRALstate_Buttons_Mnemonic.uexp" 1027
"D:/GitHub/MNEMONIC/MNEMONIC_Project/Content/UI/Sprites/Buttons/MainMenu/MAINMENU_HOVERstate_Buttons_Mnemonic.uasset" 1028
"D:/GitHub/MNEMONIC/MNEMONIC_Project/Content/UI/Sprites/Buttons/MainMenu/MAINMENU_HOVERstate_Buttons_Mnemonic.uexp" 1029
"D:/GitHub/MNEMONIC/MNEMONIC_Project/Content/UI/Sprites/Buttons/MainMenu/MAINMENU_ACTIVEstate_Buttons_Mnemonic.uasset" 1030
"D:/GitHub/MNEMONIC/MNEMONIC_Project/Content/UI/Sprites/Buttons/MainMenu/MAINMENU_ACTIVEstate_Buttons_Mnemonic.uexp" 1031
"D:/GitHub/MNEMONIC/MNEMONIC_Project/Content/ProjectStuff/SaveGameSettings.uasset" 1032
"D:/GitHub/MNEMONIC/MNEMONIC_Project/Content/ProjectStuff/SaveGameSettings.uexp" 1033
"D:/GitHub/MNEMONIC/MNEMONIC_Project/Content/UI/Sprites/levelImage.uasset" 1034
"D:/GitHub/MNEMONIC/MNEMONIC_Project/Content/UI/Sprites/levelImage.uexp" 1035
"D:/GitHub/MNEMONIC/MNEMONIC_Project/Content/UI/UI_MainMenu.uasset" 1036
"D:/GitHub/MNEMONIC/MNEMONIC_Project/Content/UI/UI_MainMenu.uexp" 1037
"D:/GitHub/MNEMONIC/MNEMONIC_Project/Content/Levels/MainMenuLevel.uexp" 1038
"D:/GitHub/MNEMONIC/MNEMONIC_Project/Content/Levels/MainMenuLevel.umap" 1039
"../../../Engine/Content/Maps/Entry_BuiltData.uasset" 1040
"../../../Engine/Content/Maps/Entry_BuiltData.uexp" 1041
"../../../Engine/Content/Maps/Entry.uexp" 1042
"../../../Engine/Content/Maps/Entry.umap" 1043
